<?xml version="1.0" encoding="utf-8"?>
<TestRun id="eba7fff2-d002-4c5b-8dc7-61f74c550a6c" name="Himmelt@XIAOXIN 2025-09-06 10:50:14" runUser="XIAOXIN\Himmelt" xmlns="http://microsoft.com/schemas/VisualStudio/TeamTest/2010">
  <Times creation="2025-09-06T10:50:14.2479325+08:00" queuing="2025-09-06T10:50:14.2479328+08:00" start="2025-09-06T10:50:13.1078890+08:00" finish="2025-09-06T10:50:14.9905551+08:00" />
  <TestSettings name="default" id="53026ad9-e6b6-40c4-998e-b522fbf5230f">
    <Deployment runDeploymentRoot="Himmelt_XIAOXIN_2025-09-06_10_50_14" />
  </TestSettings>
  <Results>
    <UnitTestResult executionId="b0c9b61f-0a2d-4713-89a2-bc5baac77b2b" testId="e1350ec0-05ff-dea7-b8e6-6a73ad5dafc4" testName="ModbusLib.Tests.GenericReadWrite.GenericCompatibilityTests.GenericReadWrite_LargeByteArray_Success(endianness: LittleEndian)" computerName="XIAOXIN" duration="00:00:00.0005019" startTime="2025-09-06T10:50:14.2769526+08:00" endTime="2025-09-06T10:50:14.2769527+08:00" testType="13cdc9d9-ddb5-4fa4-a97d-d965ccfc6d4b" outcome="Passed" testListId="8c84fa94-04c1-424b-9868-57a2d4851a1d" relativeResultsDirectory="b0c9b61f-0a2d-4713-89a2-bc5baac77b2b" />
    <UnitTestResult executionId="e0755c11-c6b6-48b3-93b5-272a93f8c2d8" testId="ac474067-67a2-ea6c-3f6d-8fbb15309754" testName="ModbusLib.Tests.Protocols.TcpProtocolTests.ValidateResponse_IncorrectLength_ReturnsFalse" computerName="XIAOXIN" duration="00:00:00.0001247" startTime="2025-09-06T10:50:14.2547446+08:00" endTime="2025-09-06T10:50:14.2547447+08:00" testType="13cdc9d9-ddb5-4fa4-a97d-d965ccfc6d4b" outcome="Passed" testListId="8c84fa94-04c1-424b-9868-57a2d4851a1d" relativeResultsDirectory="e0755c11-c6b6-48b3-93b5-272a93f8c2d8" />
    <UnitTestResult executionId="6522f992-fa80-4a2e-b726-310e1eedbd3f" testId="09e973ba-3892-ed51-4d66-7f01da9f3aa6" testName="ModbusLib.Tests.Protocols.TcpProtocolTests.ParseResponse_ReadHoldingRegistersValid_CorrectParsing" computerName="XIAOXIN" duration="00:00:00.0003544" startTime="2025-09-06T10:50:14.2523711+08:00" endTime="2025-09-06T10:50:14.2523712+08:00" testType="13cdc9d9-ddb5-4fa4-a97d-d965ccfc6d4b" outcome="Passed" testListId="8c84fa94-04c1-424b-9868-57a2d4851a1d" relativeResultsDirectory="6522f992-fa80-4a2e-b726-310e1eedbd3f" />
    <UnitTestResult executionId="735c11ee-2e89-4467-9f70-a8273072e2d4" testId="a8188de4-232a-aca2-3b2b-13cac3e5f01f" testName="ModbusLib.Tests.Protocols.RtuProtocolTests.BuildRequest_WriteSingleRegister_CorrectValue" computerName="XIAOXIN" duration="00:00:00.0004584" startTime="2025-09-06T10:50:14.2344226+08:00" endTime="2025-09-06T10:50:14.2344227+08:00" testType="13cdc9d9-ddb5-4fa4-a97d-d965ccfc6d4b" outcome="Passed" testListId="8c84fa94-04c1-424b-9868-57a2d4851a1d" relativeResultsDirectory="735c11ee-2e89-4467-9f70-a8273072e2d4" />
    <UnitTestResult executionId="d4c34715-e0e7-4942-ba99-1728d2a3be04" testId="6b51df92-44ef-badf-cf1f-ac70fe206287" testName="ModbusLib.Tests.Protocols.TcpProtocolTests.ValidateResponse_InvalidProtocolId_ReturnsFalse" computerName="XIAOXIN" duration="00:00:00.0006555" startTime="2025-09-06T10:50:14.2313001+08:00" endTime="2025-09-06T10:50:14.2313002+08:00" testType="13cdc9d9-ddb5-4fa4-a97d-d965ccfc6d4b" outcome="Passed" testListId="8c84fa94-04c1-424b-9868-57a2d4851a1d" relativeResultsDirectory="d4c34715-e0e7-4942-ba99-1728d2a3be04" />
    <UnitTestResult executionId="bf81bdf2-1cbe-401e-83d0-e283a40a8c1b" testId="cae0f664-2899-c696-ae20-8d83f3b5a0b5" testName="ModbusLib.Tests.ReadFunctions.ModbusReadTests.ReadHoldingRegistersAsync_MaximumQuantity_Success" computerName="XIAOXIN" duration="00:00:00.0032252" startTime="2025-09-06T10:50:14.2883176+08:00" endTime="2025-09-06T10:50:14.2883179+08:00" testType="13cdc9d9-ddb5-4fa4-a97d-d965ccfc6d4b" outcome="Passed" testListId="8c84fa94-04c1-424b-9868-57a2d4851a1d" relativeResultsDirectory="bf81bdf2-1cbe-401e-83d0-e283a40a8c1b" />
    <UnitTestResult executionId="3bcc7e4d-24c1-425f-b5ff-0d5c84f8e9ad" testId="4eb13dc4-2ff5-342e-3640-add27cc3693b" testName="ModbusLib.Tests.Factories.ModbusClientFactoryTests.CreateTcpClient_DefaultPort_Uses502" computerName="XIAOXIN" duration="00:00:00.0002682" startTime="2025-09-06T10:50:14.2371236+08:00" endTime="2025-09-06T10:50:14.2371237+08:00" testType="13cdc9d9-ddb5-4fa4-a97d-d965ccfc6d4b" outcome="Passed" testListId="8c84fa94-04c1-424b-9868-57a2d4851a1d" relativeResultsDirectory="3bcc7e4d-24c1-425f-b5ff-0d5c84f8e9ad" />
    <UnitTestResult executionId="6c36e145-5ae7-4786-a9ce-3f48b2968f51" testId="6a1d560f-f9f8-989e-302d-bb357a2222a2" testName="ModbusLib.Tests.Integration.BasicClientIntegrationTests.ModbusClient_InitialState_IsNotConnected" computerName="XIAOXIN" duration="00:00:00.0003326" startTime="2025-09-06T10:50:14.2755001+08:00" endTime="2025-09-06T10:50:14.2755002+08:00" testType="13cdc9d9-ddb5-4fa4-a97d-d965ccfc6d4b" outcome="Passed" testListId="8c84fa94-04c1-424b-9868-57a2d4851a1d" relativeResultsDirectory="6c36e145-5ae7-4786-a9ce-3f48b2968f51" />
    <UnitTestResult executionId="258370a6-4d28-4d01-aaa9-3cb93ea7d20f" testId="fe130ea2-82ec-85f2-3ef4-3c86f94a98ca" testName="ModbusLib.Tests.Integration.BasicClientIntegrationTests.ModbusClient_TransportException_PerformsRetry" computerName="XIAOXIN" duration="00:00:00.3104253" startTime="2025-09-06T10:50:14.5677705+08:00" endTime="2025-09-06T10:50:14.5677711+08:00" testType="13cdc9d9-ddb5-4fa4-a97d-d965ccfc6d4b" outcome="Passed" testListId="8c84fa94-04c1-424b-9868-57a2d4851a1d" relativeResultsDirectory="258370a6-4d28-4d01-aaa9-3cb93ea7d20f" />
    <UnitTestResult executionId="71f2be8b-eb7b-437d-899c-e81e2ca5c0f5" testId="0e71cae7-d978-1827-11f0-7e63c544f905" testName="ModbusLib.Tests.GenericReadWrite.GenericReadWriteIntegrationTests.ReadWriteHoldingRegisters_ByteArray_Success(endianness: LittleEndian)" computerName="XIAOXIN" duration="00:00:00.0002135" startTime="2025-09-06T10:50:14.2318276+08:00" endTime="2025-09-06T10:50:14.2318277+08:00" testType="13cdc9d9-ddb5-4fa4-a97d-d965ccfc6d4b" outcome="Passed" testListId="8c84fa94-04c1-424b-9868-57a2d4851a1d" relativeResultsDirectory="71f2be8b-eb7b-437d-899c-e81e2ca5c0f5" />
    <UnitTestResult executionId="277399e5-ac26-40d6-9ea3-2f533544921e" testId="bd62c191-c165-8ab0-54bb-5f80f86fd598" testName="ModbusLib.Tests.Factories.ModbusClientFactoryTests.CreateClient_RtuOverUdpType_ReturnsRtuOverUdpClient" computerName="XIAOXIN" duration="00:00:00.0123277" startTime="2025-09-06T10:50:14.2285012+08:00" endTime="2025-09-06T10:50:14.2285013+08:00" testType="13cdc9d9-ddb5-4fa4-a97d-d965ccfc6d4b" outcome="Passed" testListId="8c84fa94-04c1-424b-9868-57a2d4851a1d" relativeResultsDirectory="277399e5-ac26-40d6-9ea3-2f533544921e" />
    <UnitTestResult executionId="fdd98a3b-3c17-495f-9494-93f8b83dab84" testId="8e2f3957-156e-11d0-30ba-298f905843e9" testName="ModbusLib.Tests.GenericReadWrite.GenericBoundaryTests.SpanExtensions_SetBigEndian_InvalidAddress_ThrowsException" computerName="XIAOXIN" duration="00:00:00.0003953" startTime="2025-09-06T10:50:14.2530327+08:00" endTime="2025-09-06T10:50:14.2530328+08:00" testType="13cdc9d9-ddb5-4fa4-a97d-d965ccfc6d4b" outcome="Passed" testListId="8c84fa94-04c1-424b-9868-57a2d4851a1d" relativeResultsDirectory="fdd98a3b-3c17-495f-9494-93f8b83dab84" />
    <UnitTestResult executionId="c7fa91af-289c-424b-bf1f-bef3f5423cc8" testId="54c4d33c-c896-b7bc-8ff4-3a84b6f5c0b7" testName="ModbusLib.Tests.Protocols.TcpProtocolTests.CalculateExpectedResponseLength_VariousFunctions_CorrectLength(function: ReadCoils, quantity: 16, expectedLength: 11)" computerName="XIAOXIN" duration="00:00:00.0003929" startTime="2025-09-06T10:50:14.2293049+08:00" endTime="2025-09-06T10:50:14.2293049+08:00" testType="13cdc9d9-ddb5-4fa4-a97d-d965ccfc6d4b" outcome="Passed" testListId="8c84fa94-04c1-424b-9868-57a2d4851a1d" relativeResultsDirectory="c7fa91af-289c-424b-bf1f-bef3f5423cc8" />
    <UnitTestResult executionId="01c774ab-7fe7-43fd-9fa9-196dc1869e8e" testId="c12094e4-2901-27c5-211e-8fc0182268f6" testName="ModbusLib.Tests.GenericReadWrite.GenericBoundaryTests.WriteMultipleRegisters_EmptyArray_ThrowsArgumentException" computerName="XIAOXIN" duration="00:00:00.0010711" startTime="2025-09-06T10:50:14.2677484+08:00" endTime="2025-09-06T10:50:14.2677484+08:00" testType="13cdc9d9-ddb5-4fa4-a97d-d965ccfc6d4b" outcome="Passed" testListId="8c84fa94-04c1-424b-9868-57a2d4851a1d" relativeResultsDirectory="01c774ab-7fe7-43fd-9fa9-196dc1869e8e" />
    <UnitTestResult executionId="3b9a7939-0d5e-4e74-a54e-5c08fcb8f44b" testId="dff63d3a-1505-e84f-3447-f077f05c0952" testName="ModbusLib.Tests.GenericReadWrite.GenericBoundaryTests.ModbusDataConverter_MaxArraySize_DoesNotThrow" computerName="XIAOXIN" duration="00:00:00.0002048" startTime="2025-09-06T10:50:14.2582238+08:00" endTime="2025-09-06T10:50:14.2582238+08:00" testType="13cdc9d9-ddb5-4fa4-a97d-d965ccfc6d4b" outcome="Passed" testListId="8c84fa94-04c1-424b-9868-57a2d4851a1d" relativeResultsDirectory="3b9a7939-0d5e-4e74-a54e-5c08fcb8f44b" />
    <UnitTestResult executionId="cc349ca0-5f9b-41ad-80b0-96792b9f954c" testId="3811a3e6-d0ea-361a-97a7-481f8d660901" testName="ModbusLib.Tests.GenericReadWrite.ModbusDataConverterTests.GetTotalRegisterCount_MultipleInts_ReturnsCorrectCount" computerName="XIAOXIN" duration="00:00:00.0000844" startTime="2025-09-06T10:50:14.2528773+08:00" endTime="2025-09-06T10:50:14.2528773+08:00" testType="13cdc9d9-ddb5-4fa4-a97d-d965ccfc6d4b" outcome="Passed" testListId="8c84fa94-04c1-424b-9868-57a2d4851a1d" relativeResultsDirectory="cc349ca0-5f9b-41ad-80b0-96792b9f954c" />
    <UnitTestResult executionId="83c608df-9593-4d02-8b0f-2db81f1f3b62" testId="096e3a7f-0dd5-4f1a-e2e4-ed34da62a142" testName="ModbusLib.Tests.Factories.ModbusClientFactoryTests.CreateClient_AllTypesImplementIModbusClient_Success" computerName="XIAOXIN" duration="00:00:00.0005544" startTime="2025-09-06T10:50:14.2569287+08:00" endTime="2025-09-06T10:50:14.2569287+08:00" testType="13cdc9d9-ddb5-4fa4-a97d-d965ccfc6d4b" outcome="Passed" testListId="8c84fa94-04c1-424b-9868-57a2d4851a1d" relativeResultsDirectory="83c608df-9593-4d02-8b0f-2db81f1f3b62" />
    <UnitTestResult executionId="a9d40fd7-b9ec-4298-af30-f4af07bc0e5c" testId="ecc78a2f-ee5e-a72c-36fd-e26241e6a8c9" testName="ModbusLib.Tests.Protocols.RtuProtocolTests.BuildRequest_WriteMultipleRegisters_CorrectFrame" computerName="XIAOXIN" duration="00:00:00.0079319" startTime="2025-09-06T10:50:14.2336971+08:00" endTime="2025-09-06T10:50:14.2336972+08:00" testType="13cdc9d9-ddb5-4fa4-a97d-d965ccfc6d4b" outcome="Passed" testListId="8c84fa94-04c1-424b-9868-57a2d4851a1d" relativeResultsDirectory="a9d40fd7-b9ec-4298-af30-f4af07bc0e5c" />
    <UnitTestResult executionId="d7c60022-1705-47de-ae43-0657f43b7070" testId="200a5c27-d2f4-e16c-ec12-812726ca8fb2" testName="ModbusLib.Tests.GenericReadWrite.ModbusDataConverterTests.ToBytes_DifferentEndianness_DoesNotThrow(endianness: BigEndian)" computerName="XIAOXIN" duration="00:00:00.0002021" startTime="2025-09-06T10:50:14.2252762+08:00" endTime="2025-09-06T10:50:14.2252762+08:00" testType="13cdc9d9-ddb5-4fa4-a97d-d965ccfc6d4b" outcome="Passed" testListId="8c84fa94-04c1-424b-9868-57a2d4851a1d" relativeResultsDirectory="d7c60022-1705-47de-ae43-0657f43b7070" />
    <UnitTestResult executionId="c18c78f2-fcba-40f6-b6c2-aba33580e1b8" testId="3ca035b8-3046-a80c-191c-564d2fa94ee4" testName="ModbusLib.Tests.ReadFunctions.ModbusReadTests.ReadCoilsAsync_InvalidQuantity_ThrowsArgumentException(invalidQuantity: 0)" computerName="XIAOXIN" duration="00:00:00.0002770" startTime="2025-09-06T10:50:14.2977476+08:00" endTime="2025-09-06T10:50:14.2977476+08:00" testType="13cdc9d9-ddb5-4fa4-a97d-d965ccfc6d4b" outcome="Passed" testListId="8c84fa94-04c1-424b-9868-57a2d4851a1d" relativeResultsDirectory="c18c78f2-fcba-40f6-b6c2-aba33580e1b8" />
    <UnitTestResult executionId="59ab74dc-40fa-44b6-a8b2-2874bfa1a508" testId="8b3dea63-f2e0-52e1-2cd2-ccb946472b3f" testName="ModbusLib.Tests.GenericReadWrite.ModbusDataConverterTests.GetRegisterCount_Byte_ReturnsOne" computerName="XIAOXIN" duration="00:00:00.0000679" startTime="2025-09-06T10:50:14.2535155+08:00" endTime="2025-09-06T10:50:14.2535156+08:00" testType="13cdc9d9-ddb5-4fa4-a97d-d965ccfc6d4b" outcome="Passed" testListId="8c84fa94-04c1-424b-9868-57a2d4851a1d" relativeResultsDirectory="59ab74dc-40fa-44b6-a8b2-2874bfa1a508" />
    <UnitTestResult executionId="e06e441a-4de1-41f4-9087-95516812b4db" testId="c5c730f3-477e-908d-4794-ac4fb3959f88" testName="ModbusLib.Tests.Protocols.TcpProtocolTests.CalculateExpectedResponseLength_VariousFunctions_CorrectLength(function: ReadCoils, quantity: 8, expectedLength: 10)" computerName="XIAOXIN" duration="00:00:00.0000020" startTime="2025-09-06T10:50:14.2299116+08:00" endTime="2025-09-06T10:50:14.2299116+08:00" testType="13cdc9d9-ddb5-4fa4-a97d-d965ccfc6d4b" outcome="Passed" testListId="8c84fa94-04c1-424b-9868-57a2d4851a1d" relativeResultsDirectory="e06e441a-4de1-41f4-9087-95516812b4db" />
    <UnitTestResult executionId="ef2ecaf0-bc40-4565-b8e4-1acb7d0e9ce9" testId="e89e949b-4805-3a31-34aa-beb8bee58424" testName="ModbusLib.Tests.WriteFunctions.ModbusWriteTests.WriteMultipleCoilsAsync_NullArray_ThrowsArgumentException" computerName="XIAOXIN" duration="00:00:00.0005407" startTime="2025-09-06T10:50:14.2865839+08:00" endTime="2025-09-06T10:50:14.2865841+08:00" testType="13cdc9d9-ddb5-4fa4-a97d-d965ccfc6d4b" outcome="Passed" testListId="8c84fa94-04c1-424b-9868-57a2d4851a1d" relativeResultsDirectory="ef2ecaf0-bc40-4565-b8e4-1acb7d0e9ce9" />
    <UnitTestResult executionId="4dde8d15-9dad-4839-b850-2eb823e3ccc4" testId="ebfc4fe3-c2e6-b320-2d0b-ab8e8d8aeeaf" testName="ModbusLib.Tests.Factories.ModbusClientFactoryTests.CreateRtuOverUdpClient_ValidConfig_ReturnsRtuOverUdpClient" computerName="XIAOXIN" duration="00:00:00.0001549" startTime="2025-09-06T10:50:14.2285412+08:00" endTime="2025-09-06T10:50:14.2285412+08:00" testType="13cdc9d9-ddb5-4fa4-a97d-d965ccfc6d4b" outcome="Passed" testListId="8c84fa94-04c1-424b-9868-57a2d4851a1d" relativeResultsDirectory="4dde8d15-9dad-4839-b850-2eb823e3ccc4" />
    <UnitTestResult executionId="98ee3daa-0e40-493d-b6c7-2252b0484440" testId="3e7e149a-15ce-e1f1-dc52-99f7f2232858" testName="ModbusLib.Tests.GenericReadWrite.GenericBasicTests.ModbusDataConverter_IntArray_RoundTrip_Success(endianness: BigEndian)" computerName="XIAOXIN" duration="00:00:00.0000083" startTime="2025-09-06T10:50:14.2312228+08:00" endTime="2025-09-06T10:50:14.2312228+08:00" testType="13cdc9d9-ddb5-4fa4-a97d-d965ccfc6d4b" outcome="Passed" testListId="8c84fa94-04c1-424b-9868-57a2d4851a1d" relativeResultsDirectory="98ee3daa-0e40-493d-b6c7-2252b0484440" />
    <UnitTestResult executionId="33e33b5e-b6f9-411f-8761-eb00edefb42f" testId="477c800a-ec62-8202-0e92-00be7b29051e" testName="ModbusLib.Tests.GenericReadWrite.ModbusSpanExtensionsTests.GetSetRoundTrip_LittleEndian_Success" computerName="XIAOXIN" duration="00:00:00.0012874" startTime="2025-09-06T10:50:14.2545971+08:00" endTime="2025-09-06T10:50:14.2545972+08:00" testType="13cdc9d9-ddb5-4fa4-a97d-d965ccfc6d4b" outcome="Passed" testListId="8c84fa94-04c1-424b-9868-57a2d4851a1d" relativeResultsDirectory="33e33b5e-b6f9-411f-8761-eb00edefb42f" />
    <UnitTestResult executionId="79495bf5-309d-4d6d-b85a-d49a3443e250" testId="fbf5835f-821d-7808-b9c2-590bbf4fd361" testName="ModbusLib.Tests.GenericReadWrite.MidLittleEndianTests.ModbusDataConverter_MidLittleEndian_MultipleInts_CorrectConversion" computerName="XIAOXIN" duration="00:00:00.0002671" startTime="2025-09-06T10:50:14.2293536+08:00" endTime="2025-09-06T10:50:14.2293537+08:00" testType="13cdc9d9-ddb5-4fa4-a97d-d965ccfc6d4b" outcome="Passed" testListId="8c84fa94-04c1-424b-9868-57a2d4851a1d" relativeResultsDirectory="79495bf5-309d-4d6d-b85a-d49a3443e250" />
    <UnitTestResult executionId="a0249ecb-1207-447f-a991-f2dab6bb23f7" testId="5340c7c7-84b4-b162-91e9-15576dc434f3" testName="ModbusLib.Tests.ReadFunctions.ModbusReadTests.ReadCoilsAsync_MaximumQuantity_Success" computerName="XIAOXIN" duration="00:00:00.0012202" startTime="2025-09-06T10:50:14.3219599+08:00" endTime="2025-09-06T10:50:14.3219600+08:00" testType="13cdc9d9-ddb5-4fa4-a97d-d965ccfc6d4b" outcome="Passed" testListId="8c84fa94-04c1-424b-9868-57a2d4851a1d" relativeResultsDirectory="a0249ecb-1207-447f-a991-f2dab6bb23f7" />
    <UnitTestResult executionId="831ed59e-a1db-4d35-9b6d-a5c5fc815494" testId="42756bca-c1fd-49c4-b410-21aa1dafc002" testName="ModbusLib.Tests.Protocols.TcpProtocolTests.BuildRequest_TransactionIdWrapAround_HandlesOverflow" computerName="XIAOXIN" duration="00:00:00.0004277" startTime="2025-09-06T10:50:14.2359450+08:00" endTime="2025-09-06T10:50:14.2359451+08:00" testType="13cdc9d9-ddb5-4fa4-a97d-d965ccfc6d4b" outcome="Passed" testListId="8c84fa94-04c1-424b-9868-57a2d4851a1d" relativeResultsDirectory="831ed59e-a1db-4d35-9b6d-a5c5fc815494" />
    <UnitTestResult executionId="b3e5bfdc-e971-419c-ae31-83df646b692b" testId="d2ba59f5-4648-50f7-33a1-7920d6905064" testName="ModbusLib.Tests.GenericReadWrite.GenericBasicTests.ModbusDataConverter_ByteArray_RoundTrip_Success(endianness: LittleEndian)" computerName="XIAOXIN" duration="00:00:00.0000534" startTime="2025-09-06T10:50:14.2337654+08:00" endTime="2025-09-06T10:50:14.2337654+08:00" testType="13cdc9d9-ddb5-4fa4-a97d-d965ccfc6d4b" outcome="Passed" testListId="8c84fa94-04c1-424b-9868-57a2d4851a1d" relativeResultsDirectory="b3e5bfdc-e971-419c-ae31-83df646b692b" />
    <UnitTestResult executionId="f51ec172-12f8-49c3-815f-992b408fc952" testId="76d33c27-4d0f-c878-e7d7-a7e703584926" testName="ModbusLib.Tests.GenericReadWrite.GenericCompatibilityTests.GenericReadWrite_SimpleStruct_Success(endianness: LittleEndian)" computerName="XIAOXIN" duration="00:00:00.0142569" startTime="2025-09-06T10:50:14.2675493+08:00" endTime="2025-09-06T10:50:14.2675494+08:00" testType="13cdc9d9-ddb5-4fa4-a97d-d965ccfc6d4b" outcome="Passed" testListId="8c84fa94-04c1-424b-9868-57a2d4851a1d" relativeResultsDirectory="f51ec172-12f8-49c3-815f-992b408fc952" />
    <UnitTestResult executionId="879e7a47-8944-4c3d-9c11-fab6aa5e5654" testId="00121893-fae9-7800-e625-81491e89df62" testName="ModbusLib.Tests.Protocols.RtuProtocolTests.CalculateExpectedResponseLength_VariousFunctions_CorrectLength(function: WriteMultipleCoils, quantity: 16, expectedLength: 8)" computerName="XIAOXIN" duration="00:00:00.0002943" startTime="2025-09-06T10:50:14.2276049+08:00" endTime="2025-09-06T10:50:14.2276051+08:00" testType="13cdc9d9-ddb5-4fa4-a97d-d965ccfc6d4b" outcome="Passed" testListId="8c84fa94-04c1-424b-9868-57a2d4851a1d" relativeResultsDirectory="879e7a47-8944-4c3d-9c11-fab6aa5e5654" />
    <UnitTestResult executionId="c9ed3858-6996-427c-aea3-4a0cdaa5b47d" testId="21b3787f-7f11-81de-c8ba-8c434b794123" testName="ModbusLib.Tests.Integration.BasicClientIntegrationTests.ModbusClient_DisconnectAfterDispose_DoesNotThrow" computerName="XIAOXIN" duration="00:00:00.0012262" startTime="2025-09-06T10:50:14.2754155+08:00" endTime="2025-09-06T10:50:14.2754155+08:00" testType="13cdc9d9-ddb5-4fa4-a97d-d965ccfc6d4b" outcome="Passed" testListId="8c84fa94-04c1-424b-9868-57a2d4851a1d" relativeResultsDirectory="c9ed3858-6996-427c-aea3-4a0cdaa5b47d" />
    <UnitTestResult executionId="3029a039-1766-479f-b608-294697cc097a" testId="34ebf895-a96a-c7fd-7cee-36e43c71a2fa" testName="ModbusLib.Tests.GenericReadWrite.ModbusSpanExtensionsTests.GetSetRoundTrip_BigEndian_Success" computerName="XIAOXIN" duration="00:00:00.0041085" startTime="2025-09-06T10:50:14.2678916+08:00" endTime="2025-09-06T10:50:14.2678917+08:00" testType="13cdc9d9-ddb5-4fa4-a97d-d965ccfc6d4b" outcome="Passed" testListId="8c84fa94-04c1-424b-9868-57a2d4851a1d" relativeResultsDirectory="3029a039-1766-479f-b608-294697cc097a" />
    <UnitTestResult executionId="9787613c-a0c8-41c1-afc3-813523f39dfd" testId="37630390-9ccb-721e-77eb-25ee9ed1ca49" testName="ModbusLib.Tests.Protocols.RtuProtocolTests.CalculateExpectedResponseLength_VariousFunctions_CorrectLength(function: ReadHoldingRegisters, quantity: 10, expectedLength: 26)" computerName="XIAOXIN" duration="00:00:00.0000090" startTime="2025-09-06T10:50:14.2276599+08:00" endTime="2025-09-06T10:50:14.2276600+08:00" testType="13cdc9d9-ddb5-4fa4-a97d-d965ccfc6d4b" outcome="Passed" testListId="8c84fa94-04c1-424b-9868-57a2d4851a1d" relativeResultsDirectory="9787613c-a0c8-41c1-afc3-813523f39dfd" />
    <UnitTestResult executionId="5d537894-7a15-4300-bcbb-361186ccc5ce" testId="44f2bf4c-114b-3822-0c45-ab81347fae5e" testName="ModbusLib.Tests.Integration.BasicClientIntegrationTests.ModbusClient_ConnectAsync_UpdatesConnectionState" computerName="XIAOXIN" duration="00:00:00.0016077" startTime="2025-09-06T10:50:14.9140210+08:00" endTime="2025-09-06T10:50:14.9140213+08:00" testType="13cdc9d9-ddb5-4fa4-a97d-d965ccfc6d4b" outcome="Passed" testListId="8c84fa94-04c1-424b-9868-57a2d4851a1d" relativeResultsDirectory="5d537894-7a15-4300-bcbb-361186ccc5ce" />
    <UnitTestResult executionId="c1a03997-d017-43e4-9c44-c659b39770d8" testId="5a58d0d7-6c0e-8bd7-6aed-ef60ac243e6a" testName="ModbusLib.Tests.GenericReadWrite.GenericCompatibilityTests.GenericReadWrite_LongTypes_Success(endianness: BigEndian)" computerName="XIAOXIN" duration="00:00:00.0163716" startTime="2025-09-06T10:50:14.2755493+08:00" endTime="2025-09-06T10:50:14.2755493+08:00" testType="13cdc9d9-ddb5-4fa4-a97d-d965ccfc6d4b" outcome="Passed" testListId="8c84fa94-04c1-424b-9868-57a2d4851a1d" relativeResultsDirectory="c1a03997-d017-43e4-9c44-c659b39770d8" />
    <UnitTestResult executionId="9cc8efcb-d0f5-4705-872a-1e5565979b5b" testId="88915296-fbf6-b431-0461-dd18d28885f4" testName="ModbusLib.Tests.GenericReadWrite.GenericReadWriteIntegrationTests.ReadHoldingRegisters_InvalidCount_ThrowsArgumentException" computerName="XIAOXIN" duration="00:00:00.0006761" startTime="2025-09-06T10:50:14.2634967+08:00" endTime="2025-09-06T10:50:14.2634968+08:00" testType="13cdc9d9-ddb5-4fa4-a97d-d965ccfc6d4b" outcome="Passed" testListId="8c84fa94-04c1-424b-9868-57a2d4851a1d" relativeResultsDirectory="9cc8efcb-d0f5-4705-872a-1e5565979b5b" />
    <UnitTestResult executionId="258cfdc1-7774-40cf-a3a5-13971f4219f7" testId="4fefa1d2-2b1e-d1b0-d129-59cb8faad289" testName="ModbusLib.Tests.GenericReadWrite.ModbusSpanExtensionsTests.GetBigEndian_UShort_ReturnsCorrectValue" computerName="XIAOXIN" duration="00:00:00.0025959" startTime="2025-09-06T10:50:14.2506968+08:00" endTime="2025-09-06T10:50:14.2506969+08:00" testType="13cdc9d9-ddb5-4fa4-a97d-d965ccfc6d4b" outcome="Failed" testListId="8c84fa94-04c1-424b-9868-57a2d4851a1d" relativeResultsDirectory="258cfdc1-7774-40cf-a3a5-13971f4219f7">
      <Output>
        <ErrorInfo>
          <Message>Assert.Equal() Failure: Values differ&#xD;
Expected: 4660&#xD;
Actual:   13330</Message>
          <StackTrace>   at ModbusLib.Tests.GenericReadWrite.ModbusSpanExtensionsTests.GetBigEndian_UShort_ReturnsCorrectValue() in D:\Projects\ModbusLib\Tests\src\GenericReadWrite\ModbusSpanExtensionsTests.cs:line 35&#xD;
   at System.RuntimeMethodHandle.InvokeMethod(Object target, Void** arguments, Signature sig, Boolean isConstructor)&#xD;
   at System.Reflection.MethodBaseInvoker.InvokeWithNoArgs(Object obj, BindingFlags invokeAttr)</StackTrace>
        </ErrorInfo>
      </Output>
    </UnitTestResult>
    <UnitTestResult executionId="baf201e3-1515-4e7a-8879-bbc13eef89ec" testId="be9eb14a-c35c-d641-775a-e476a6c88e91" testName="ModbusLib.Tests.Protocols.TcpProtocolTests.BuildRequest_WriteSingleCoilNoData_ThrowsArgumentException" computerName="XIAOXIN" duration="00:00:00.0002563" startTime="2025-09-06T10:50:14.2376318+08:00" endTime="2025-09-06T10:50:14.2376319+08:00" testType="13cdc9d9-ddb5-4fa4-a97d-d965ccfc6d4b" outcome="Passed" testListId="8c84fa94-04c1-424b-9868-57a2d4851a1d" relativeResultsDirectory="baf201e3-1515-4e7a-8879-bbc13eef89ec" />
    <UnitTestResult executionId="d38077d4-6f1e-4977-a69c-2e1d900e4ba6" testId="559ab82a-3a29-7f27-83ff-33f8cde7d489" testName="ModbusLib.Tests.Factories.ModbusClientFactoryTests.CreateUdpClient_InvalidHost_ThrowsArgumentException(invalidHost: &quot;null&quot;)" computerName="XIAOXIN" duration="00:00:00.0004055" startTime="2025-09-06T10:50:14.2349890+08:00" endTime="2025-09-06T10:50:14.2349891+08:00" testType="13cdc9d9-ddb5-4fa4-a97d-d965ccfc6d4b" outcome="Passed" testListId="8c84fa94-04c1-424b-9868-57a2d4851a1d" relativeResultsDirectory="d38077d4-6f1e-4977-a69c-2e1d900e4ba6" />
    <UnitTestResult executionId="0a5bc2f0-ddc3-4cd5-8d88-90abbbd0d7b0" testId="f1a66aa1-0fd3-af4f-babe-511225483ea5" testName="ModbusLib.Tests.Integration.BasicClientIntegrationTests.ModbusClient_RetriesProperty_CanBeSet" computerName="XIAOXIN" duration="00:00:00.0002782" startTime="2025-09-06T10:50:14.9091850+08:00" endTime="2025-09-06T10:50:14.9091853+08:00" testType="13cdc9d9-ddb5-4fa4-a97d-d965ccfc6d4b" outcome="Passed" testListId="8c84fa94-04c1-424b-9868-57a2d4851a1d" relativeResultsDirectory="0a5bc2f0-ddc3-4cd5-8d88-90abbbd0d7b0" />
    <UnitTestResult executionId="d7f1e8a4-d2d7-4e75-9819-c4279716a27d" testId="29e76321-8d4b-7009-03d9-1c8a9c8d7e69" testName="ModbusLib.Tests.ReadFunctions.ModbusReadTests.ReadCoilsAsync_InvalidQuantity_ThrowsArgumentException(invalidQuantity: 2001)" computerName="XIAOXIN" duration="00:00:00.0006604" startTime="2025-09-06T10:50:14.2976544+08:00" endTime="2025-09-06T10:50:14.2976544+08:00" testType="13cdc9d9-ddb5-4fa4-a97d-d965ccfc6d4b" outcome="Passed" testListId="8c84fa94-04c1-424b-9868-57a2d4851a1d" relativeResultsDirectory="d7f1e8a4-d2d7-4e75-9819-c4279716a27d" />
    <UnitTestResult executionId="f342edf9-63e1-42a9-981f-f2ebe55a37ca" testId="d1a8d4fc-6ddf-af47-aff2-90caeb4ecc53" testName="ModbusLib.Tests.AdvancedFunctions.ModbusAdvancedTests.ReadWriteMultipleRegistersAsync_EmptyWriteArray_ThrowsArgumentException" computerName="XIAOXIN" duration="00:00:00.0052728" startTime="2025-09-06T10:50:14.3056202+08:00" endTime="2025-09-06T10:50:14.3056204+08:00" testType="13cdc9d9-ddb5-4fa4-a97d-d965ccfc6d4b" outcome="Passed" testListId="8c84fa94-04c1-424b-9868-57a2d4851a1d" relativeResultsDirectory="f342edf9-63e1-42a9-981f-f2ebe55a37ca" />
    <UnitTestResult executionId="b4cc13f5-47a4-4768-8007-3743a38653ae" testId="8798a339-a1d4-ba0c-60ca-baaf0a58bb07" testName="ModbusLib.Tests.Integration.BasicClientIntegrationTests.ModbusClient_ConnectAfterDispose_ThrowsObjectDisposedException" computerName="XIAOXIN" duration="00:00:00.0008246" startTime="2025-09-06T10:50:14.9149223+08:00" endTime="2025-09-06T10:50:14.9149227+08:00" testType="13cdc9d9-ddb5-4fa4-a97d-d965ccfc6d4b" outcome="Passed" testListId="8c84fa94-04c1-424b-9868-57a2d4851a1d" relativeResultsDirectory="b4cc13f5-47a4-4768-8007-3743a38653ae" />
    <UnitTestResult executionId="ff1d79ec-5ffb-4fcb-9f12-91d490365f9d" testId="1bf10a64-e4ed-626f-6603-08a7e395a786" testName="ModbusLib.Tests.ReadFunctions.ModbusReadTests.ReadDiscreteInputsAsync_InsufficientResponseData_ThrowsCommunicationException" computerName="XIAOXIN" duration="00:00:00.0020066" startTime="2025-09-06T10:50:14.2906776+08:00" endTime="2025-09-06T10:50:14.2906777+08:00" testType="13cdc9d9-ddb5-4fa4-a97d-d965ccfc6d4b" outcome="Passed" testListId="8c84fa94-04c1-424b-9868-57a2d4851a1d" relativeResultsDirectory="ff1d79ec-5ffb-4fcb-9f12-91d490365f9d" />
    <UnitTestResult executionId="86a85eca-b3c3-4162-a0df-0cf7ac170ceb" testId="a076e408-5a3b-5ad2-647d-fc2492486d99" testName="ModbusLib.Tests.GenericReadWrite.MidLittleEndianTests.ModbusDataConverter_MidLittleEndian_ByteArray_HandledCorrectly" computerName="XIAOXIN" duration="00:00:00.0030025" startTime="2025-09-06T10:50:14.2292773+08:00" endTime="2025-09-06T10:50:14.2292774+08:00" testType="13cdc9d9-ddb5-4fa4-a97d-d965ccfc6d4b" outcome="Passed" testListId="8c84fa94-04c1-424b-9868-57a2d4851a1d" relativeResultsDirectory="86a85eca-b3c3-4162-a0df-0cf7ac170ceb" />
    <UnitTestResult executionId="b102404f-2a49-450b-9066-92756238af77" testId="5990c425-3ea8-4814-b998-4b5cd31ce261" testName="ModbusLib.Tests.GenericReadWrite.GenericBoundaryTests.SpanExtensions_SetLittleEndian_NegativeAddress_ThrowsException" computerName="XIAOXIN" duration="00:00:00.0002694" startTime="2025-09-06T10:50:14.2674787+08:00" endTime="2025-09-06T10:50:14.2674788+08:00" testType="13cdc9d9-ddb5-4fa4-a97d-d965ccfc6d4b" outcome="Passed" testListId="8c84fa94-04c1-424b-9868-57a2d4851a1d" relativeResultsDirectory="b102404f-2a49-450b-9066-92756238af77" />
    <UnitTestResult executionId="0284e2d3-365d-4c81-b810-83628f92db09" testId="2d0c2adb-45e9-dc60-15f9-4cad1d6be487" testName="ModbusLib.Tests.Factories.ModbusClientFactoryTests.CreateRtuClient_NullConfig_ThrowsArgumentNullException" computerName="XIAOXIN" duration="00:00:00.0001368" startTime="2025-09-06T10:50:14.2587133+08:00" endTime="2025-09-06T10:50:14.2587134+08:00" testType="13cdc9d9-ddb5-4fa4-a97d-d965ccfc6d4b" outcome="Passed" testListId="8c84fa94-04c1-424b-9868-57a2d4851a1d" relativeResultsDirectory="0284e2d3-365d-4c81-b810-83628f92db09" />
    <UnitTestResult executionId="61c3268e-e3f0-4e83-ae82-2c5623265875" testId="ce44a582-1174-21a6-bc71-021f16372844" testName="ModbusLib.Tests.GenericReadWrite.MidLittleEndianTests.ModbusDataConverter_MidLittleEndian_SpecificValues_RoundTrip(testValue: -2023406815)" computerName="XIAOXIN" duration="00:00:00.0079300" startTime="2025-09-06T10:50:14.2069186+08:00" endTime="2025-09-06T10:50:14.2069186+08:00" testType="13cdc9d9-ddb5-4fa4-a97d-d965ccfc6d4b" outcome="Passed" testListId="8c84fa94-04c1-424b-9868-57a2d4851a1d" relativeResultsDirectory="61c3268e-e3f0-4e83-ae82-2c5623265875" />
    <UnitTestResult executionId="eecf2dac-20d6-4605-b4cd-314ae0f7ee57" testId="a31fa52f-6533-bbc6-5bd5-a60d53feef1d" testName="ModbusLib.Tests.Integration.BasicClientIntegrationTests.ModbusClient_NonRetryableException_DoesNotRetry" computerName="XIAOXIN" duration="00:00:00.0026150" startTime="2025-09-06T10:50:14.9088356+08:00" endTime="2025-09-06T10:50:14.9088359+08:00" testType="13cdc9d9-ddb5-4fa4-a97d-d965ccfc6d4b" outcome="Passed" testListId="8c84fa94-04c1-424b-9868-57a2d4851a1d" relativeResultsDirectory="eecf2dac-20d6-4605-b4cd-314ae0f7ee57" />
    <UnitTestResult executionId="1c47456f-513d-4f01-8148-030f93028bd8" testId="0134fc5a-ccd2-96ba-c790-276d584a7b6a" testName="ModbusLib.Tests.GenericReadWrite.GenericPerformanceTests.ModbusDataConverter_FloatArray_Performance" computerName="XIAOXIN" duration="00:00:00.0151497" startTime="2025-09-06T10:50:14.3146577+08:00" endTime="2025-09-06T10:50:14.3146581+08:00" testType="13cdc9d9-ddb5-4fa4-a97d-d965ccfc6d4b" outcome="Passed" testListId="8c84fa94-04c1-424b-9868-57a2d4851a1d" relativeResultsDirectory="1c47456f-513d-4f01-8148-030f93028bd8">
      <Output>
        <StdOut>Float array (size: 2500, iterations: 100) took 14ms&#xD;
Average per operation: 0.14ms</StdOut>
      </Output>
    </UnitTestResult>
    <UnitTestResult executionId="0c002d68-df28-4914-ae5c-381dc48b4dd8" testId="04218da4-4ef0-3f7a-6f77-4d58eff77fc0" testName="ModbusLib.Tests.GenericReadWrite.GenericPerformanceTests.ModbusDataConverter_DifferentEndianness_Performance(endianness: BigEndian)" computerName="XIAOXIN" duration="00:00:00.0286101" startTime="2025-09-06T10:50:14.2552846+08:00" endTime="2025-09-06T10:50:14.2552847+08:00" testType="13cdc9d9-ddb5-4fa4-a97d-d965ccfc6d4b" outcome="Passed" testListId="8c84fa94-04c1-424b-9868-57a2d4851a1d" relativeResultsDirectory="0c002d68-df28-4914-ae5c-381dc48b4dd8">
      <Output>
        <StdOut>Endianness BigEndian (size: 1000, iterations: 50) took 3ms&#xD;
Average per operation: 0.06ms</StdOut>
      </Output>
    </UnitTestResult>
    <UnitTestResult executionId="e8ca3a24-5651-469b-a22b-506076f41795" testId="9f5fc253-fedf-469e-55a4-d58939bfdc3c" testName="ModbusLib.Tests.Protocols.TcpProtocolTests.ValidateResponse_TooShort_ReturnsFalse" computerName="XIAOXIN" duration="00:00:00.0001549" startTime="2025-09-06T10:50:14.2545278+08:00" endTime="2025-09-06T10:50:14.2545279+08:00" testType="13cdc9d9-ddb5-4fa4-a97d-d965ccfc6d4b" outcome="Passed" testListId="8c84fa94-04c1-424b-9868-57a2d4851a1d" relativeResultsDirectory="e8ca3a24-5651-469b-a22b-506076f41795" />
    <UnitTestResult executionId="df811328-222f-4296-9f7a-94de42208648" testId="955c8624-6ae7-7330-2050-614f38aa3819" testName="ModbusLib.Tests.GenericReadWrite.MidLittleEndianTests.ModbusDataConverter_MidLittleEndian_SpecificValues_RoundTrip(testValue: -1412567295)" computerName="XIAOXIN" duration="00:00:00.0000117" startTime="2025-09-06T10:50:14.2273115+08:00" endTime="2025-09-06T10:50:14.2273118+08:00" testType="13cdc9d9-ddb5-4fa4-a97d-d965ccfc6d4b" outcome="Passed" testListId="8c84fa94-04c1-424b-9868-57a2d4851a1d" relativeResultsDirectory="df811328-222f-4296-9f7a-94de42208648" />
    <UnitTestResult executionId="b04a696b-0e3a-4901-a913-85a7cbf08b99" testId="a6670fb4-d8c4-fc74-766d-610ef4a14a89" testName="ModbusLib.Tests.GenericReadWrite.GenericCompatibilityTests.GenericReadWrite_ComplexStruct_Success(endianness: MidLittleEndian)" computerName="XIAOXIN" duration="00:00:00.0051590" startTime="2025-09-06T10:50:14.2763042+08:00" endTime="2025-09-06T10:50:14.2763043+08:00" testType="13cdc9d9-ddb5-4fa4-a97d-d965ccfc6d4b" outcome="Passed" testListId="8c84fa94-04c1-424b-9868-57a2d4851a1d" relativeResultsDirectory="b04a696b-0e3a-4901-a913-85a7cbf08b99" />
    <UnitTestResult executionId="0febed69-f7e1-43e1-bd1d-20b584eab9fe" testId="39f757b8-fe01-1a67-949e-1eccdcd4a617" testName="ModbusLib.Tests.Protocols.RtuProtocolTests.CalculateExpectedResponseLength_VariousFunctions_CorrectLength(function: ReadCoils, quantity: 16, expectedLength: 8)" computerName="XIAOXIN" duration="00:00:00.0000020" startTime="2025-09-06T10:50:14.2284635+08:00" endTime="2025-09-06T10:50:14.2284636+08:00" testType="13cdc9d9-ddb5-4fa4-a97d-d965ccfc6d4b" outcome="Passed" testListId="8c84fa94-04c1-424b-9868-57a2d4851a1d" relativeResultsDirectory="0febed69-f7e1-43e1-bd1d-20b584eab9fe" />
    <UnitTestResult executionId="6abc6c7e-95a7-478b-9dcb-6fff88d54462" testId="245dd0dc-336f-9bd2-5cb7-c3a92304f661" testName="ModbusLib.Tests.GenericReadWrite.ModbusSpanExtensionsTests.GetLittleEndian_UShort_ReturnsCorrectValue" computerName="XIAOXIN" duration="00:00:00.0005876" startTime="2025-09-06T10:50:14.2714889+08:00" endTime="2025-09-06T10:50:14.2714890+08:00" testType="13cdc9d9-ddb5-4fa4-a97d-d965ccfc6d4b" outcome="Failed" testListId="8c84fa94-04c1-424b-9868-57a2d4851a1d" relativeResultsDirectory="6abc6c7e-95a7-478b-9dcb-6fff88d54462">
      <Output>
        <ErrorInfo>
          <Message>Assert.Equal() Failure: Values differ&#xD;
Expected: 13330&#xD;
Actual:   4660</Message>
          <StackTrace>   at ModbusLib.Tests.GenericReadWrite.ModbusSpanExtensionsTests.GetLittleEndian_UShort_ReturnsCorrectValue() in D:\Projects\ModbusLib\Tests\src\GenericReadWrite\ModbusSpanExtensionsTests.cs:line 75&#xD;
   at System.RuntimeMethodHandle.InvokeMethod(Object target, Void** arguments, Signature sig, Boolean isConstructor)&#xD;
   at System.Reflection.MethodBaseInvoker.InvokeWithNoArgs(Object obj, BindingFlags invokeAttr)</StackTrace>
        </ErrorInfo>
      </Output>
    </UnitTestResult>
    <UnitTestResult executionId="f28c2f6d-620b-48b9-afee-d2187480ec3c" testId="e88e7d4b-e540-75fc-b036-67c711f374d0" testName="ModbusLib.Tests.Factories.ModbusClientFactoryTests.CreateRtuOverTcpClient_ValidConfig_ReturnsRtuOverTcpClient" computerName="XIAOXIN" duration="00:00:00.0000950" startTime="2025-09-06T10:50:14.2612612+08:00" endTime="2025-09-06T10:50:14.2612612+08:00" testType="13cdc9d9-ddb5-4fa4-a97d-d965ccfc6d4b" outcome="Passed" testListId="8c84fa94-04c1-424b-9868-57a2d4851a1d" relativeResultsDirectory="f28c2f6d-620b-48b9-afee-d2187480ec3c" />
    <UnitTestResult executionId="4b096b8d-1614-4979-9eeb-b07d629b845e" testId="7e122765-1dcd-400a-731a-f0d52121b6a4" testName="ModbusLib.Tests.Protocols.RtuProtocolTests.BuildRequest_WriteSingleCoil_FalseValue" computerName="XIAOXIN" duration="00:00:00.0016614" startTime="2025-09-06T10:50:14.2556920+08:00" endTime="2025-09-06T10:50:14.2556921+08:00" testType="13cdc9d9-ddb5-4fa4-a97d-d965ccfc6d4b" outcome="Passed" testListId="8c84fa94-04c1-424b-9868-57a2d4851a1d" relativeResultsDirectory="4b096b8d-1614-4979-9eeb-b07d629b845e" />
    <UnitTestResult executionId="823931a8-d6c0-4bcb-afc3-c98bf3ed4843" testId="5ff55214-e679-7986-acf1-243fb331dd57" testName="ModbusLib.Tests.Factories.ModbusClientFactoryTests.CreateRtuOverTcpClient_InvalidHost_ThrowsArgumentException(invalidHost: &quot;null&quot;)" computerName="XIAOXIN" duration="00:00:00.0002157" startTime="2025-09-06T10:50:14.2345452+08:00" endTime="2025-09-06T10:50:14.2345452+08:00" testType="13cdc9d9-ddb5-4fa4-a97d-d965ccfc6d4b" outcome="Passed" testListId="8c84fa94-04c1-424b-9868-57a2d4851a1d" relativeResultsDirectory="823931a8-d6c0-4bcb-afc3-c98bf3ed4843" />
    <UnitTestResult executionId="705cc952-18e1-44db-ad87-ead66f48b359" testId="50ecd80c-93cf-b149-56e0-d896df8638c3" testName="ModbusLib.Tests.GenericReadWrite.GenericPerformanceTests.RegisterCountCalculation_Performance" computerName="XIAOXIN" duration="00:00:00.0049292" startTime="2025-09-06T10:50:14.2733927+08:00" endTime="2025-09-06T10:50:14.2733927+08:00" testType="13cdc9d9-ddb5-4fa4-a97d-d965ccfc6d4b" outcome="Passed" testListId="8c84fa94-04c1-424b-9868-57a2d4851a1d" relativeResultsDirectory="705cc952-18e1-44db-ad87-ead66f48b359">
      <Output>
        <StdOut>Register count calculations (iterations: 100000) took 3ms&#xD;
Average per operation: 3E-05ms</StdOut>
      </Output>
    </UnitTestResult>
    <UnitTestResult executionId="7358752b-bcde-42b1-9974-6f457cbe1fbb" testId="e8ddce7f-558e-ac6e-b601-16e3e17257b5" testName="ModbusLib.Tests.GenericReadWrite.GenericBasicTests.ModbusDataConverter_FloatArray_RoundTrip_Success(endianness: MidLittleEndian)" computerName="XIAOXIN" duration="00:00:00.0000088" startTime="2025-09-06T10:50:14.2320124+08:00" endTime="2025-09-06T10:50:14.2320124+08:00" testType="13cdc9d9-ddb5-4fa4-a97d-d965ccfc6d4b" outcome="Passed" testListId="8c84fa94-04c1-424b-9868-57a2d4851a1d" relativeResultsDirectory="7358752b-bcde-42b1-9974-6f457cbe1fbb" />
    <UnitTestResult executionId="18fbb61d-45ae-423b-ab39-b987bd4c1c13" testId="54a207bb-066f-0562-39ef-f988f958fab6" testName="ModbusLib.Tests.Protocols.TcpProtocolTests.BuildRequest_WriteMultipleRegisters_CorrectLength" computerName="XIAOXIN" duration="00:00:00.0131348" startTime="2025-09-06T10:50:14.2291516+08:00" endTime="2025-09-06T10:50:14.2291516+08:00" testType="13cdc9d9-ddb5-4fa4-a97d-d965ccfc6d4b" outcome="Passed" testListId="8c84fa94-04c1-424b-9868-57a2d4851a1d" relativeResultsDirectory="18fbb61d-45ae-423b-ab39-b987bd4c1c13" />
    <UnitTestResult executionId="a87223cc-1a49-452b-93fd-bcca7d22f2d0" testId="d61bed47-100f-3ad6-938f-6e3e38af6bb2" testName="ModbusLib.Tests.Protocols.RtuProtocolTests.BuildRequest_WriteMultipleCoilsNoData_ThrowsArgumentException" computerName="XIAOXIN" duration="00:00:00.0002740" startTime="2025-09-06T10:50:14.2370998+08:00" endTime="2025-09-06T10:50:14.2370998+08:00" testType="13cdc9d9-ddb5-4fa4-a97d-d965ccfc6d4b" outcome="Passed" testListId="8c84fa94-04c1-424b-9868-57a2d4851a1d" relativeResultsDirectory="a87223cc-1a49-452b-93fd-bcca7d22f2d0" />
    <UnitTestResult executionId="9e67e320-09a6-4c3a-a342-703cbdfed497" testId="853e570b-762a-0df8-f1af-8fe8d9ce4f8a" testName="ModbusLib.Tests.GenericReadWrite.GenericReadWriteIntegrationTests.ReadWriteInputRegisters_DoubleArray_Success(endianness: BigEndian)" computerName="XIAOXIN" duration="00:00:00.0003143" startTime="2025-09-06T10:50:14.2357951+08:00" endTime="2025-09-06T10:50:14.2357952+08:00" testType="13cdc9d9-ddb5-4fa4-a97d-d965ccfc6d4b" outcome="Passed" testListId="8c84fa94-04c1-424b-9868-57a2d4851a1d" relativeResultsDirectory="9e67e320-09a6-4c3a-a342-703cbdfed497" />
    <UnitTestResult executionId="fa696e9d-4827-4b4a-8d9d-5c7faa8e7bb8" testId="87a6c832-fa22-2c71-5ed6-8fb3a953f944" testName="ModbusLib.Tests.Integration.BasicClientIntegrationTests.ModbusClient_ReadWriteSequence_Success" computerName="XIAOXIN" duration="00:00:00.0880296" startTime="2025-09-06T10:50:14.2746486+08:00" endTime="2025-09-06T10:50:14.2746486+08:00" testType="13cdc9d9-ddb5-4fa4-a97d-d965ccfc6d4b" outcome="Passed" testListId="8c84fa94-04c1-424b-9868-57a2d4851a1d" relativeResultsDirectory="fa696e9d-4827-4b4a-8d9d-5c7faa8e7bb8" />
    <UnitTestResult executionId="7abad85c-4927-49cc-bba4-3ec3783c2f43" testId="06feb2b3-b200-3412-affb-8dc616000cec" testName="ModbusLib.Tests.Factories.ModbusClientFactoryTests.CreateRtuOverUdpClient_InvalidHost_ThrowsArgumentException(invalidHost: &quot;&quot;)" computerName="XIAOXIN" duration="00:00:00.0001845" startTime="2025-09-06T10:50:14.2343903+08:00" endTime="2025-09-06T10:50:14.2343904+08:00" testType="13cdc9d9-ddb5-4fa4-a97d-d965ccfc6d4b" outcome="Passed" testListId="8c84fa94-04c1-424b-9868-57a2d4851a1d" relativeResultsDirectory="7abad85c-4927-49cc-bba4-3ec3783c2f43" />
    <UnitTestResult executionId="7331e679-fa49-4091-bb2d-da695045dc32" testId="78522144-6115-2633-95e9-00b5988f8edf" testName="ModbusLib.Tests.Protocols.TcpProtocolTests.BuildRequest_WriteSingleRegisterInsufficientData_ThrowsArgumentException" computerName="XIAOXIN" duration="00:00:00.0006533" startTime="2025-09-06T10:50:14.2312655+08:00" endTime="2025-09-06T10:50:14.2312656+08:00" testType="13cdc9d9-ddb5-4fa4-a97d-d965ccfc6d4b" outcome="Passed" testListId="8c84fa94-04c1-424b-9868-57a2d4851a1d" relativeResultsDirectory="7331e679-fa49-4091-bb2d-da695045dc32" />
    <UnitTestResult executionId="9c37fb65-f7bf-4e66-bc3f-39a5e405dd99" testId="b5216e1c-01e1-7a82-5b4e-8f8205e27f08" testName="ModbusLib.Tests.GenericReadWrite.GenericBoundaryTests.WriteMultipleRegisters_NullArray_ThrowsArgumentException" computerName="XIAOXIN" duration="00:00:00.0022001" startTime="2025-09-06T10:50:14.2567817+08:00" endTime="2025-09-06T10:50:14.2567817+08:00" testType="13cdc9d9-ddb5-4fa4-a97d-d965ccfc6d4b" outcome="Passed" testListId="8c84fa94-04c1-424b-9868-57a2d4851a1d" relativeResultsDirectory="9c37fb65-f7bf-4e66-bc3f-39a5e405dd99" />
    <UnitTestResult executionId="23292d06-5a30-4057-8453-2f943c73c97b" testId="eb8ad43d-accc-850d-aa24-e65261c26683" testName="ModbusLib.Tests.Protocols.RtuProtocolTests.ValidateResponse_ValidCrc_ReturnsTrue" computerName="XIAOXIN" duration="00:00:00.0001437" startTime="2025-09-06T10:50:14.2588312+08:00" endTime="2025-09-06T10:50:14.2588312+08:00" testType="13cdc9d9-ddb5-4fa4-a97d-d965ccfc6d4b" outcome="Passed" testListId="8c84fa94-04c1-424b-9868-57a2d4851a1d" relativeResultsDirectory="23292d06-5a30-4057-8453-2f943c73c97b" />
    <UnitTestResult executionId="4ef89b35-80a8-4153-8442-26cb6a197fe1" testId="2f185cef-7d69-2d2e-2b21-8e7d9f8e682f" testName="ModbusLib.Tests.Protocols.TcpProtocolTests.ParseResponse_ErrorResponse_CorrectErrorParsing" computerName="XIAOXIN" duration="00:00:00.0013188" startTime="2025-09-06T10:50:14.2371569+08:00" endTime="2025-09-06T10:50:14.2371570+08:00" testType="13cdc9d9-ddb5-4fa4-a97d-d965ccfc6d4b" outcome="Passed" testListId="8c84fa94-04c1-424b-9868-57a2d4851a1d" relativeResultsDirectory="4ef89b35-80a8-4153-8442-26cb6a197fe1" />
    <UnitTestResult executionId="e1a65c15-ab36-4703-822b-b2e298d4e319" testId="eba5cf8e-5673-54ae-fa55-9a5b58105958" testName="ModbusLib.Tests.Protocols.RtuProtocolTests.ParseResponse_ReadHoldingRegistersValid_CorrectParsing" computerName="XIAOXIN" duration="00:00:00.0016513" startTime="2025-09-06T10:50:14.2351994+08:00" endTime="2025-09-06T10:50:14.2351995+08:00" testType="13cdc9d9-ddb5-4fa4-a97d-d965ccfc6d4b" outcome="Passed" testListId="8c84fa94-04c1-424b-9868-57a2d4851a1d" relativeResultsDirectory="e1a65c15-ab36-4703-822b-b2e298d4e319" />
    <UnitTestResult executionId="6491d490-8fa2-4bdf-94b6-179d70f5884c" testId="dd8bd54d-ea78-2c11-8f51-c4e364aec876" testName="ModbusLib.Tests.GenericReadWrite.ModbusDataConverterTests.ToBytes_DifferentEndianness_DoesNotThrow(endianness: MidLittleEndian)" computerName="XIAOXIN" duration="00:00:00.0001094" startTime="2025-09-06T10:50:14.2252423+08:00" endTime="2025-09-06T10:50:14.2252424+08:00" testType="13cdc9d9-ddb5-4fa4-a97d-d965ccfc6d4b" outcome="Passed" testListId="8c84fa94-04c1-424b-9868-57a2d4851a1d" relativeResultsDirectory="6491d490-8fa2-4bdf-94b6-179d70f5884c" />
    <UnitTestResult executionId="3761dad3-c530-4c5a-a93c-0e3c542809b3" testId="a75b0826-00a5-d6bd-479f-7b7bc5456919" testName="ModbusLib.Tests.GenericReadWrite.MidLittleEndianTests.ModbusDataConverter_MidLittleEndian_SpecificValues_RoundTrip(testValue: 305419896)" computerName="XIAOXIN" duration="00:00:00.0000190" startTime="2025-09-06T10:50:14.2253934+08:00" endTime="2025-09-06T10:50:14.2253934+08:00" testType="13cdc9d9-ddb5-4fa4-a97d-d965ccfc6d4b" outcome="Passed" testListId="8c84fa94-04c1-424b-9868-57a2d4851a1d" relativeResultsDirectory="3761dad3-c530-4c5a-a93c-0e3c542809b3" />
    <UnitTestResult executionId="16e7b53c-a354-4be3-b43b-f4be422b810c" testId="27f13a69-c4aa-6e02-91c7-6f01c5545c8b" testName="ModbusLib.Tests.Factories.ModbusClientFactoryTests.CreateRtuClient_CustomSerialConfiguration_UsesCustomValues" computerName="XIAOXIN" duration="00:00:00.0003123" startTime="2025-09-06T10:50:14.2375854+08:00" endTime="2025-09-06T10:50:14.2375855+08:00" testType="13cdc9d9-ddb5-4fa4-a97d-d965ccfc6d4b" outcome="Passed" testListId="8c84fa94-04c1-424b-9868-57a2d4851a1d" relativeResultsDirectory="16e7b53c-a354-4be3-b43b-f4be422b810c" />
    <UnitTestResult executionId="21dd5caf-e70f-4863-b5c1-ac9eccdc4fa1" testId="052cdbf5-07cc-468c-aa66-ede67857e240" testName="ModbusLib.Tests.Protocols.RtuProtocolTests.CalculateExpectedResponseLength_VariousFunctions_CorrectLength(function: WriteMultipleRegisters, quantity: 10, expectedLength: 8)" computerName="XIAOXIN" duration="00:00:00.0000020" startTime="2025-09-06T10:50:14.2283993+08:00" endTime="2025-09-06T10:50:14.2283993+08:00" testType="13cdc9d9-ddb5-4fa4-a97d-d965ccfc6d4b" outcome="Passed" testListId="8c84fa94-04c1-424b-9868-57a2d4851a1d" relativeResultsDirectory="21dd5caf-e70f-4863-b5c1-ac9eccdc4fa1" />
    <UnitTestResult executionId="fe718526-94a1-4dab-9664-944f1ec0bae8" testId="e4c70c11-f753-2e0a-3a5a-f84b66962643" testName="ModbusLib.Tests.GenericReadWrite.GenericBasicTests.ModbusDataConverter_GetRegisterCount_BasicTypes_ReturnsCorrectValues" computerName="XIAOXIN" duration="00:00:00.0002255" startTime="2025-09-06T10:50:14.2343304+08:00" endTime="2025-09-06T10:50:14.2343304+08:00" testType="13cdc9d9-ddb5-4fa4-a97d-d965ccfc6d4b" outcome="Passed" testListId="8c84fa94-04c1-424b-9868-57a2d4851a1d" relativeResultsDirectory="fe718526-94a1-4dab-9664-944f1ec0bae8" />
    <UnitTestResult executionId="705e4f08-5271-4f09-95f8-86aa73c5ff9c" testId="93d9e520-6879-8cb5-3e35-4fd74cd186fd" testName="ModbusLib.Tests.GenericReadWrite.MidLittleEndianTests.ReadWriteHoldingRegisters_MidLittleEndian_IntArray_Success" computerName="XIAOXIN" duration="00:00:00.0017041" startTime="2025-09-06T10:50:14.2325285+08:00" endTime="2025-09-06T10:50:14.2325285+08:00" testType="13cdc9d9-ddb5-4fa4-a97d-d965ccfc6d4b" outcome="Passed" testListId="8c84fa94-04c1-424b-9868-57a2d4851a1d" relativeResultsDirectory="705e4f08-5271-4f09-95f8-86aa73c5ff9c" />
    <UnitTestResult executionId="d819b074-e0d7-44bc-a7fe-b0775e3b59e2" testId="1294b900-f078-9c20-6931-fbd71166eb96" testName="ModbusLib.Tests.GenericReadWrite.MidLittleEndianTests.ModbusDataConverter_MidLittleEndian_UShortArray_HandledCorrectly" computerName="XIAOXIN" duration="00:00:00.0013400" startTime="2025-09-06T10:50:14.2364305+08:00" endTime="2025-09-06T10:50:14.2364306+08:00" testType="13cdc9d9-ddb5-4fa4-a97d-d965ccfc6d4b" outcome="Passed" testListId="8c84fa94-04c1-424b-9868-57a2d4851a1d" relativeResultsDirectory="d819b074-e0d7-44bc-a7fe-b0775e3b59e2" />
    <UnitTestResult executionId="86cd6c2f-228b-4d9d-a06a-1498b115c8e3" testId="48ac35b0-a45f-a523-4945-7fb109273006" testName="ModbusLib.Tests.GenericReadWrite.GenericReadWriteIntegrationTests.WriteSingleRegister_Int_UsesMultipleRegisters" computerName="XIAOXIN" duration="00:00:00.0067998" startTime="2025-09-06T10:50:14.2035404+08:00" endTime="2025-09-06T10:50:14.2035597+08:00" testType="13cdc9d9-ddb5-4fa4-a97d-d965ccfc6d4b" outcome="Passed" testListId="8c84fa94-04c1-424b-9868-57a2d4851a1d" relativeResultsDirectory="86cd6c2f-228b-4d9d-a06a-1498b115c8e3" />
    <UnitTestResult executionId="a767398e-d33d-4c8c-8050-24b5aca03632" testId="4c56b31b-5451-9db8-4c2f-e73bf5382456" testName="ModbusLib.Tests.GenericReadWrite.GenericReadWriteIntegrationTests.ReadWriteHoldingRegisters_ByteArray_Success(endianness: BigEndian)" computerName="XIAOXIN" duration="00:00:00.0073919" startTime="2025-09-06T10:50:14.2313472+08:00" endTime="2025-09-06T10:50:14.2313473+08:00" testType="13cdc9d9-ddb5-4fa4-a97d-d965ccfc6d4b" outcome="Passed" testListId="8c84fa94-04c1-424b-9868-57a2d4851a1d" relativeResultsDirectory="a767398e-d33d-4c8c-8050-24b5aca03632" />
    <UnitTestResult executionId="20f7ff75-661e-41a1-9e4d-86eb49d4d85f" testId="76af85b0-86be-793c-b3ac-b29e96be8a1b" testName="ModbusLib.Tests.GenericReadWrite.GenericBoundaryTests.SpanExtensions_GetLittleEndian_NegativeAddress_ThrowsException" computerName="XIAOXIN" duration="00:00:00.0066471" startTime="2025-09-06T10:50:14.2068937+08:00" endTime="2025-09-06T10:50:14.2068938+08:00" testType="13cdc9d9-ddb5-4fa4-a97d-d965ccfc6d4b" outcome="Passed" testListId="8c84fa94-04c1-424b-9868-57a2d4851a1d" relativeResultsDirectory="20f7ff75-661e-41a1-9e4d-86eb49d4d85f" />
    <UnitTestResult executionId="96ca6a29-c7da-4b76-89ac-be8d3cb0c547" testId="427ae54c-3c34-7130-2d65-1d07eba99676" testName="ModbusLib.Tests.Factories.ModbusClientFactoryTests.CreateUdpClient_DefaultPort_Uses502" computerName="XIAOXIN" duration="00:00:00.0067482" startTime="2025-09-06T10:50:14.2332370+08:00" endTime="2025-09-06T10:50:14.2332371+08:00" testType="13cdc9d9-ddb5-4fa4-a97d-d965ccfc6d4b" outcome="Passed" testListId="8c84fa94-04c1-424b-9868-57a2d4851a1d" relativeResultsDirectory="96ca6a29-c7da-4b76-89ac-be8d3cb0c547" />
    <UnitTestResult executionId="d939382b-3d54-462f-a3ce-39162d8922bb" testId="fc2866c7-b6fc-2da5-2cf0-fda29ffde603" testName="ModbusLib.Tests.GenericReadWrite.MidLittleEndianTests.ModbusDataConverter_MidLittleEndian_Float_CorrectConversion" computerName="XIAOXIN" duration="00:00:00.0002372" startTime="2025-09-06T10:50:14.2300079+08:00" endTime="2025-09-06T10:50:14.2300080+08:00" testType="13cdc9d9-ddb5-4fa4-a97d-d965ccfc6d4b" outcome="Passed" testListId="8c84fa94-04c1-424b-9868-57a2d4851a1d" relativeResultsDirectory="d939382b-3d54-462f-a3ce-39162d8922bb" />
    <UnitTestResult executionId="199ccf8c-3635-48e8-9519-a2a1188a92e9" testId="eed3c8a5-7fcc-3e2a-111f-b790741d474e" testName="ModbusLib.Tests.GenericReadWrite.GenericCompatibilityTests.GenericReadWrite_LargeIntArray_Success(endianness: LittleEndian)" computerName="XIAOXIN" duration="00:00:00.0001792" startTime="2025-09-06T10:50:14.2768572+08:00" endTime="2025-09-06T10:50:14.2768573+08:00" testType="13cdc9d9-ddb5-4fa4-a97d-d965ccfc6d4b" outcome="Passed" testListId="8c84fa94-04c1-424b-9868-57a2d4851a1d" relativeResultsDirectory="199ccf8c-3635-48e8-9519-a2a1188a92e9" />
    <UnitTestResult executionId="b8ea5647-ac7e-4c92-ac54-10a12765ba68" testId="d1eaf5b9-0ba1-2487-4922-ad2b28131975" testName="ModbusLib.Tests.WriteFunctions.ModbusWriteTests.WriteMultipleRegistersAsync_MaximumQuantity_Success" computerName="XIAOXIN" duration="00:00:00.0029267" startTime="2025-09-06T10:50:14.2838121+08:00" endTime="2025-09-06T10:50:14.2838122+08:00" testType="13cdc9d9-ddb5-4fa4-a97d-d965ccfc6d4b" outcome="Passed" testListId="8c84fa94-04c1-424b-9868-57a2d4851a1d" relativeResultsDirectory="b8ea5647-ac7e-4c92-ac54-10a12765ba68" />
    <UnitTestResult executionId="293b3fa0-6f23-4b99-b61a-16ca26aac8a9" testId="2ebaf4ca-13bb-015d-d298-f9863d2df474" testName="ModbusLib.Tests.WriteFunctions.ModbusWriteTests.WriteSingleRegisterAsync_ValidValues_Success(value: 0)" computerName="XIAOXIN" duration="00:00:00.0017371" startTime="2025-09-06T10:50:14.2774905+08:00" endTime="2025-09-06T10:50:14.2774905+08:00" testType="13cdc9d9-ddb5-4fa4-a97d-d965ccfc6d4b" outcome="Passed" testListId="8c84fa94-04c1-424b-9868-57a2d4851a1d" relativeResultsDirectory="293b3fa0-6f23-4b99-b61a-16ca26aac8a9" />
    <UnitTestResult executionId="f020ddca-817f-416a-b6c0-5e983484de8e" testId="8ac769c3-b00c-40e9-8f6c-2802d1f5a242" testName="ModbusLib.Tests.AdvancedFunctions.ModbusAdvancedTests.ReadWriteMultipleRegistersAsync_TooManyWriteRegisters_ThrowsArgumentException" computerName="XIAOXIN" duration="00:00:00.0765125" startTime="2025-09-06T10:50:14.2734448+08:00" endTime="2025-09-06T10:50:14.2734449+08:00" testType="13cdc9d9-ddb5-4fa4-a97d-d965ccfc6d4b" outcome="Passed" testListId="8c84fa94-04c1-424b-9868-57a2d4851a1d" relativeResultsDirectory="f020ddca-817f-416a-b6c0-5e983484de8e" />
    <UnitTestResult executionId="bc1c520e-331c-4167-82d4-a146ca83134d" testId="d2729fa6-c20b-4941-5f73-7c0b90813274" testName="ModbusLib.Tests.GenericReadWrite.GenericBasicTests.ModbusDataConverter_DifferentEndianness_ProducesDifferentResults" computerName="XIAOXIN" duration="00:00:00.0006703" startTime="2025-09-06T10:50:14.2326496+08:00" endTime="2025-09-06T10:50:14.2326497+08:00" testType="13cdc9d9-ddb5-4fa4-a97d-d965ccfc6d4b" outcome="Passed" testListId="8c84fa94-04c1-424b-9868-57a2d4851a1d" relativeResultsDirectory="bc1c520e-331c-4167-82d4-a146ca83134d" />
    <UnitTestResult executionId="ce82eaa1-ac72-469e-8b95-32b67f48d170" testId="403bee57-2f12-40c4-a674-baab9ae18e23" testName="ModbusLib.Tests.WriteFunctions.ModbusWriteTests.WriteMultipleRegistersAsync_DataConversion_CorrectByteArray" computerName="XIAOXIN" duration="00:00:00.0919902" startTime="2025-09-06T10:50:14.2746898+08:00" endTime="2025-09-06T10:50:14.2746898+08:00" testType="13cdc9d9-ddb5-4fa4-a97d-d965ccfc6d4b" outcome="Passed" testListId="8c84fa94-04c1-424b-9868-57a2d4851a1d" relativeResultsDirectory="ce82eaa1-ac72-469e-8b95-32b67f48d170" />
    <UnitTestResult executionId="232e5828-3f7c-4e40-8452-645a92770919" testId="07c0cf65-4c30-aca4-7f62-879b4948c077" testName="ModbusLib.Tests.GenericReadWrite.GenericBoundaryTests.GetTotalRegisterCount_EdgeCases_ReturnsCorrectValue(byteCount: 1, expectedRegisters: 1)" computerName="XIAOXIN" duration="00:00:00.0000818" startTime="2025-09-06T10:50:14.2534622+08:00" endTime="2025-09-06T10:50:14.2534622+08:00" testType="13cdc9d9-ddb5-4fa4-a97d-d965ccfc6d4b" outcome="Passed" testListId="8c84fa94-04c1-424b-9868-57a2d4851a1d" relativeResultsDirectory="232e5828-3f7c-4e40-8452-645a92770919" />
    <UnitTestResult executionId="7bed3c78-f4e9-4f21-acfb-7dde8532be44" testId="2b845f3f-b50a-7145-af60-a69349cfe923" testName="ModbusLib.Tests.Protocols.RtuProtocolTests.BuildRequest_WriteSingleCoil_TrueValue" computerName="XIAOXIN" duration="00:00:00.0005319" startTime="2025-09-06T10:50:14.2547137+08:00" endTime="2025-09-06T10:50:14.2547138+08:00" testType="13cdc9d9-ddb5-4fa4-a97d-d965ccfc6d4b" outcome="Passed" testListId="8c84fa94-04c1-424b-9868-57a2d4851a1d" relativeResultsDirectory="7bed3c78-f4e9-4f21-acfb-7dde8532be44" />
    <UnitTestResult executionId="182033cb-6f9e-4b99-9ea5-cf3a079d46d2" testId="bd07edbe-41e1-5243-c025-46f78a7481ed" testName="ModbusLib.Tests.ReadFunctions.ModbusReadTests.ReadInputRegistersAsync_ValidRequest_ReturnsCorrectUshortArray" computerName="XIAOXIN" duration="00:00:00.0024045" startTime="2025-09-06T10:50:14.3206283+08:00" endTime="2025-09-06T10:50:14.3206284+08:00" testType="13cdc9d9-ddb5-4fa4-a97d-d965ccfc6d4b" outcome="Passed" testListId="8c84fa94-04c1-424b-9868-57a2d4851a1d" relativeResultsDirectory="182033cb-6f9e-4b99-9ea5-cf3a079d46d2" />
    <UnitTestResult executionId="7d5b5fff-8d49-4c42-8169-d0160d6cf675" testId="f0d19d6c-a235-b919-f14a-67af0cd779b9" testName="ModbusLib.Tests.ReadFunctions.ModbusReadTests.ReadCoilsAsync_ValidRequest_ReturnsCorrectBoolArray" computerName="XIAOXIN" duration="00:00:00.0157528" startTime="2025-09-06T10:50:14.3157658+08:00" endTime="2025-09-06T10:50:14.3157660+08:00" testType="13cdc9d9-ddb5-4fa4-a97d-d965ccfc6d4b" outcome="Passed" testListId="8c84fa94-04c1-424b-9868-57a2d4851a1d" relativeResultsDirectory="7d5b5fff-8d49-4c42-8169-d0160d6cf675" />
    <UnitTestResult executionId="053f201c-71db-42e4-bd0c-3d4c4443d43e" testId="53c6ca51-bfaa-e6aa-71e7-9ea53eb22011" testName="ModbusLib.Tests.Integration.BasicClientIntegrationTests.ModbusClient_RetriesProperty_DefaultValue" computerName="XIAOXIN" duration="00:00:00.0002610" startTime="2025-09-06T10:50:14.2754598+08:00" endTime="2025-09-06T10:50:14.2754598+08:00" testType="13cdc9d9-ddb5-4fa4-a97d-d965ccfc6d4b" outcome="Passed" testListId="8c84fa94-04c1-424b-9868-57a2d4851a1d" relativeResultsDirectory="053f201c-71db-42e4-bd0c-3d4c4443d43e" />
    <UnitTestResult executionId="3667739d-9803-44bd-a682-3fd15705e5b4" testId="0a00ec3d-e225-1052-6505-8c2ca3cdc8ae" testName="ModbusLib.Tests.Protocols.RtuProtocolTests.BuildRequest_WriteSingleCoilNoData_ThrowsArgumentException" computerName="XIAOXIN" duration="00:00:00.0002293" startTime="2025-09-06T10:50:14.2582108+08:00" endTime="2025-09-06T10:50:14.2582109+08:00" testType="13cdc9d9-ddb5-4fa4-a97d-d965ccfc6d4b" outcome="Passed" testListId="8c84fa94-04c1-424b-9868-57a2d4851a1d" relativeResultsDirectory="3667739d-9803-44bd-a682-3fd15705e5b4" />
    <UnitTestResult executionId="c9c51c31-1dde-4187-b9c8-16dda962f282" testId="301e2ca9-8fdf-9366-4241-5525872e1753" testName="ModbusLib.Tests.Protocols.RtuProtocolTests.BuildRequest_WriteMultipleCoils_CorrectFrame" computerName="XIAOXIN" duration="00:00:00.0006344" startTime="2025-09-06T10:50:14.2365123+08:00" endTime="2025-09-06T10:50:14.2365123+08:00" testType="13cdc9d9-ddb5-4fa4-a97d-d965ccfc6d4b" outcome="Passed" testListId="8c84fa94-04c1-424b-9868-57a2d4851a1d" relativeResultsDirectory="c9c51c31-1dde-4187-b9c8-16dda962f282" />
    <UnitTestResult executionId="449a1586-04ca-4b7d-a3c5-a5b217cc5778" testId="6625c9dd-1927-b875-70c3-850ec0ff7eae" testName="ModbusLib.Tests.WriteFunctions.ModbusWriteTests.WriteSingleRegisterAsync_ValidValues_Success(value: 100)" computerName="XIAOXIN" duration="00:00:00.0014760" startTime="2025-09-06T10:50:14.2770357+08:00" endTime="2025-09-06T10:50:14.2770357+08:00" testType="13cdc9d9-ddb5-4fa4-a97d-d965ccfc6d4b" outcome="Passed" testListId="8c84fa94-04c1-424b-9868-57a2d4851a1d" relativeResultsDirectory="449a1586-04ca-4b7d-a3c5-a5b217cc5778" />
    <UnitTestResult executionId="bf71c5bc-cd8a-4462-a62c-059f42784d74" testId="94faad71-f334-ef13-c24e-744e800f2827" testName="ModbusLib.Tests.GenericReadWrite.GenericCompatibilityTests.GenericReadWrite_AllBasicTypes_Success(endianness: MidLittleEndian)" computerName="XIAOXIN" duration="00:00:00.0367028" startTime="2025-09-06T10:50:14.2734977+08:00" endTime="2025-09-06T10:50:14.2734978+08:00" testType="13cdc9d9-ddb5-4fa4-a97d-d965ccfc6d4b" outcome="Passed" testListId="8c84fa94-04c1-424b-9868-57a2d4851a1d" relativeResultsDirectory="bf71c5bc-cd8a-4462-a62c-059f42784d74" />
    <UnitTestResult executionId="0584bff6-d47d-476b-9090-30cf6c76f386" testId="a3276eca-c91e-5fa4-935f-68d383a4fc24" testName="ModbusLib.Tests.Factories.ModbusClientFactoryTests.CreateTcpClient_ValidConfig_ReturnsTcpClient" computerName="XIAOXIN" duration="00:00:00.0001981" startTime="2025-09-06T10:50:14.2359132+08:00" endTime="2025-09-06T10:50:14.2359132+08:00" testType="13cdc9d9-ddb5-4fa4-a97d-d965ccfc6d4b" outcome="Passed" testListId="8c84fa94-04c1-424b-9868-57a2d4851a1d" relativeResultsDirectory="0584bff6-d47d-476b-9090-30cf6c76f386" />
    <UnitTestResult executionId="5a3bf122-e998-493b-a8d8-a40787be4f76" testId="1491b3a5-21af-2796-c830-eb7e31970239" testName="ModbusLib.Tests.Protocols.TcpProtocolTests.BuildRequest_WriteSingleCoil_CorrectMbapLength" computerName="XIAOXIN" duration="00:00:00.0030923" startTime="2025-09-06T10:50:14.2345945+08:00" endTime="2025-09-06T10:50:14.2345946+08:00" testType="13cdc9d9-ddb5-4fa4-a97d-d965ccfc6d4b" outcome="Passed" testListId="8c84fa94-04c1-424b-9868-57a2d4851a1d" relativeResultsDirectory="5a3bf122-e998-493b-a8d8-a40787be4f76" />
    <UnitTestResult executionId="8d62c329-67c4-436d-825d-95763206d85b" testId="be3d85c2-f8dd-7c5d-fd07-f504c909629d" testName="ModbusLib.Tests.WriteFunctions.ModbusWriteTests.WriteMultipleCoilsAsync_TooManyCoils_ThrowsArgumentException" computerName="XIAOXIN" duration="00:00:00.0007182" startTime="2025-09-06T10:50:14.2796742+08:00" endTime="2025-09-06T10:50:14.2796744+08:00" testType="13cdc9d9-ddb5-4fa4-a97d-d965ccfc6d4b" outcome="Passed" testListId="8c84fa94-04c1-424b-9868-57a2d4851a1d" relativeResultsDirectory="8d62c329-67c4-436d-825d-95763206d85b" />
    <UnitTestResult executionId="754e43ab-4ac1-4559-83ff-541f31bdaa4c" testId="70df8018-c99e-9173-d78b-c512b199be04" testName="ModbusLib.Tests.WriteFunctions.ModbusWriteTests.WriteMultipleRegistersAsync_TooManyRegisters_ThrowsArgumentException" computerName="XIAOXIN" duration="00:00:00.0005916" startTime="2025-09-06T10:50:14.2808207+08:00" endTime="2025-09-06T10:50:14.2808210+08:00" testType="13cdc9d9-ddb5-4fa4-a97d-d965ccfc6d4b" outcome="Passed" testListId="8c84fa94-04c1-424b-9868-57a2d4851a1d" relativeResultsDirectory="754e43ab-4ac1-4559-83ff-541f31bdaa4c" />
    <UnitTestResult executionId="e09a6e66-d2ee-4d7e-84b2-f247c7aecdf8" testId="a155b8bf-1969-bd95-9f46-b6de5809a8a6" testName="ModbusLib.Tests.GenericReadWrite.GenericBasicTests.ModbusDataConverter_EmptyArray_HandledCorrectly" computerName="XIAOXIN" duration="00:00:00.0026541" startTime="2025-09-06T10:50:14.2318767+08:00" endTime="2025-09-06T10:50:14.2318768+08:00" testType="13cdc9d9-ddb5-4fa4-a97d-d965ccfc6d4b" outcome="Passed" testListId="8c84fa94-04c1-424b-9868-57a2d4851a1d" relativeResultsDirectory="e09a6e66-d2ee-4d7e-84b2-f247c7aecdf8" />
    <UnitTestResult executionId="8fc23db5-85fb-4801-add4-79ae2e458b47" testId="95ee7f61-2498-b12a-d0c5-c6e370788c3e" testName="ModbusLib.Tests.GenericReadWrite.GenericCompatibilityTests.GenericReadWrite_LargeByteArray_Success(endianness: BigEndian)" computerName="XIAOXIN" duration="00:00:00.0002747" startTime="2025-09-06T10:50:14.2769970+08:00" endTime="2025-09-06T10:50:14.2769971+08:00" testType="13cdc9d9-ddb5-4fa4-a97d-d965ccfc6d4b" outcome="Passed" testListId="8c84fa94-04c1-424b-9868-57a2d4851a1d" relativeResultsDirectory="8fc23db5-85fb-4801-add4-79ae2e458b47" />
    <UnitTestResult executionId="e993945f-2da8-4113-9a29-afd07fd924ee" testId="2ae61ee1-96fa-ca62-9327-a98a3cf1cbd8" testName="ModbusLib.Tests.GenericReadWrite.GenericPerformanceTests.ModbusDataConverter_DifferentEndianness_Performance(endianness: MidLittleEndian)" computerName="XIAOXIN" duration="00:00:00.0019608" startTime="2025-09-06T10:50:14.2586444+08:00" endTime="2025-09-06T10:50:14.2586444+08:00" testType="13cdc9d9-ddb5-4fa4-a97d-d965ccfc6d4b" outcome="Passed" testListId="8c84fa94-04c1-424b-9868-57a2d4851a1d" relativeResultsDirectory="e993945f-2da8-4113-9a29-afd07fd924ee">
      <Output>
        <StdOut>Endianness MidLittleEndian (size: 1000, iterations: 50) took 1ms&#xD;
Average per operation: 0.02ms</StdOut>
      </Output>
    </UnitTestResult>
    <UnitTestResult executionId="80245ee6-ff32-4762-b4b8-b5edd19b39cb" testId="e5ecc30a-747f-c08f-5eb1-094a6f34beb6" testName="ModbusLib.Tests.GenericReadWrite.GenericPerformanceTests.ModbusDataConverter_IntArray_Performance" computerName="XIAOXIN" duration="00:00:00.0114725" startTime="2025-09-06T10:50:14.2733165+08:00" endTime="2025-09-06T10:50:14.2733166+08:00" testType="13cdc9d9-ddb5-4fa4-a97d-d965ccfc6d4b" outcome="Passed" testListId="8c84fa94-04c1-424b-9868-57a2d4851a1d" relativeResultsDirectory="80245ee6-ff32-4762-b4b8-b5edd19b39cb">
      <Output>
        <StdOut>Int array (size: 2500, iterations: 100) took 11ms&#xD;
Average per operation: 0.11ms</StdOut>
      </Output>
    </UnitTestResult>
    <UnitTestResult executionId="62aaa55f-a87b-4031-bbb7-383344aaa193" testId="a406bb7a-d1e4-7051-c966-fa757d5c6992" testName="ModbusLib.Tests.WriteFunctions.ModbusWriteTests.WriteSingleRegisterAsync_ValidValues_Success(value: 65535)" computerName="XIAOXIN" duration="00:00:00.0025726" startTime="2025-09-06T10:50:14.2762670+08:00" endTime="2025-09-06T10:50:14.2762671+08:00" testType="13cdc9d9-ddb5-4fa4-a97d-d965ccfc6d4b" outcome="Passed" testListId="8c84fa94-04c1-424b-9868-57a2d4851a1d" relativeResultsDirectory="62aaa55f-a87b-4031-bbb7-383344aaa193" />
    <UnitTestResult executionId="eccef702-9b41-4939-8928-c39ee330c75e" testId="dc2b365f-282a-dbe2-c26a-7ed7e84d6597" testName="ModbusLib.Tests.GenericReadWrite.GenericCompatibilityTests.GenericReadWrite_AllBasicTypes_Success(endianness: BigEndian)" computerName="XIAOXIN" duration="00:00:00.0003966" startTime="2025-09-06T10:50:14.2744445+08:00" endTime="2025-09-06T10:50:14.2744446+08:00" testType="13cdc9d9-ddb5-4fa4-a97d-d965ccfc6d4b" outcome="Passed" testListId="8c84fa94-04c1-424b-9868-57a2d4851a1d" relativeResultsDirectory="eccef702-9b41-4939-8928-c39ee330c75e" />
    <UnitTestResult executionId="4b181756-dcf3-477b-b4f1-ca7336c9d063" testId="b9cf61ee-1149-e422-9400-cfcb915f3eaa" testName="ModbusLib.Tests.Factories.ModbusClientFactoryTests.CreateRtuClient_InvalidPortName_ThrowsArgumentException(invalidPortName: &quot;null&quot;)" computerName="XIAOXIN" duration="00:00:00.0003288" startTime="2025-09-06T10:50:14.2555864+08:00" endTime="2025-09-06T10:50:14.2555865+08:00" testType="13cdc9d9-ddb5-4fa4-a97d-d965ccfc6d4b" outcome="Passed" testListId="8c84fa94-04c1-424b-9868-57a2d4851a1d" relativeResultsDirectory="4b181756-dcf3-477b-b4f1-ca7336c9d063" />
    <UnitTestResult executionId="ed5e3c3d-53a9-4694-b23a-146e57e2af3e" testId="8e5fa42b-80ae-b88e-1733-bfc4eb2c3314" testName="ModbusLib.Tests.GenericReadWrite.GenericBasicTests.ModbusDataConverter_GetTotalRegisterCount_MultipleElements_ReturnsCorrectValues" computerName="XIAOXIN" duration="00:00:00.0001038" startTime="2025-09-06T10:50:14.2332042+08:00" endTime="2025-09-06T10:50:14.2332042+08:00" testType="13cdc9d9-ddb5-4fa4-a97d-d965ccfc6d4b" outcome="Passed" testListId="8c84fa94-04c1-424b-9868-57a2d4851a1d" relativeResultsDirectory="ed5e3c3d-53a9-4694-b23a-146e57e2af3e" />
    <UnitTestResult executionId="ccdc61d8-3357-4f1e-9d03-dfd911fc2735" testId="7282a7b6-ef73-d503-5a5f-071cc026373d" testName="ModbusLib.Tests.GenericReadWrite.GenericBoundaryTests.GetTotalRegisterCount_EdgeCases_ReturnsCorrectValue(byteCount: 5, expectedRegisters: 3)" computerName="XIAOXIN" duration="00:00:00.0000019" startTime="2025-09-06T10:50:14.2540311+08:00" endTime="2025-09-06T10:50:14.2540312+08:00" testType="13cdc9d9-ddb5-4fa4-a97d-d965ccfc6d4b" outcome="Passed" testListId="8c84fa94-04c1-424b-9868-57a2d4851a1d" relativeResultsDirectory="ccdc61d8-3357-4f1e-9d03-dfd911fc2735" />
    <UnitTestResult executionId="a9178404-39d3-4e63-a9d0-70fc08542f21" testId="7446bf5f-f528-ce00-cb21-653ece4f9e84" testName="ModbusLib.Tests.Integration.BasicClientIntegrationTests.FactoryCreateClients_HasCorrectInitialState" computerName="XIAOXIN" duration="00:00:00.0009835" startTime="2025-09-06T10:50:14.9159526+08:00" endTime="2025-09-06T10:50:14.9159536+08:00" testType="13cdc9d9-ddb5-4fa4-a97d-d965ccfc6d4b" outcome="Passed" testListId="8c84fa94-04c1-424b-9868-57a2d4851a1d" relativeResultsDirectory="a9178404-39d3-4e63-a9d0-70fc08542f21" />
    <UnitTestResult executionId="09e6d042-ea1d-441f-be6d-309afe7ca611" testId="65e99711-f80f-73bf-6f3b-6d486d208589" testName="ModbusLib.Tests.GenericReadWrite.MidLittleEndianTests.ModbusDataConverter_MidLittleEndian_SingleInt_CorrectConversion" computerName="XIAOXIN" duration="00:00:00.0001354" startTime="2025-09-06T10:50:14.2330695+08:00" endTime="2025-09-06T10:50:14.2330696+08:00" testType="13cdc9d9-ddb5-4fa4-a97d-d965ccfc6d4b" outcome="Passed" testListId="8c84fa94-04c1-424b-9868-57a2d4851a1d" relativeResultsDirectory="09e6d042-ea1d-441f-be6d-309afe7ca611" />
    <UnitTestResult executionId="abe079d5-8c3f-47bd-ae05-2e4ea6e2e415" testId="f67c8813-8427-2ce9-569d-56e04b3520a9" testName="ModbusLib.Tests.GenericReadWrite.GenericPerformanceTests.ModbusDataConverter_DifferentEndianness_Performance(endianness: LittleEndian)" computerName="XIAOXIN" duration="00:00:00.0003911" startTime="2025-09-06T10:50:14.2566655+08:00" endTime="2025-09-06T10:50:14.2566655+08:00" testType="13cdc9d9-ddb5-4fa4-a97d-d965ccfc6d4b" outcome="Passed" testListId="8c84fa94-04c1-424b-9868-57a2d4851a1d" relativeResultsDirectory="abe079d5-8c3f-47bd-ae05-2e4ea6e2e415">
      <Output>
        <StdOut>Endianness LittleEndian (size: 1000, iterations: 50) took 0ms&#xD;
Average per operation: 0ms</StdOut>
      </Output>
    </UnitTestResult>
    <UnitTestResult executionId="58a7e327-4b87-49ff-9bdd-caea0990496a" testId="58ada9db-68d6-1834-14ca-5929551f8944" testName="ModbusLib.Tests.GenericReadWrite.GenericBasicTests.ModbusSpanExtensions_LittleEndian_BasicOperations_Success" computerName="XIAOXIN" duration="00:00:00.0005602" startTime="2025-09-06T10:50:14.2331276+08:00" endTime="2025-09-06T10:50:14.2331276+08:00" testType="13cdc9d9-ddb5-4fa4-a97d-d965ccfc6d4b" outcome="Passed" testListId="8c84fa94-04c1-424b-9868-57a2d4851a1d" relativeResultsDirectory="58a7e327-4b87-49ff-9bdd-caea0990496a" />
    <UnitTestResult executionId="daf59519-2086-481d-a4d7-95f83d817fb3" testId="89a7b90f-02fb-041d-45cf-b578460823ab" testName="ModbusLib.Tests.GenericReadWrite.ModbusDataConverterTests.ToBytes_IntArray_BigEndian_ReturnsCorrectBytes" computerName="XIAOXIN" duration="00:00:00.0082808" startTime="2025-09-06T10:50:14.2528113+08:00" endTime="2025-09-06T10:50:14.2528114+08:00" testType="13cdc9d9-ddb5-4fa4-a97d-d965ccfc6d4b" outcome="Failed" testListId="8c84fa94-04c1-424b-9868-57a2d4851a1d" relativeResultsDirectory="daf59519-2086-481d-a4d7-95f83d817fb3">
      <Output>
        <ErrorInfo>
          <Message>Assert.Equal() Failure: Values differ&#xD;
Expected: 120&#xD;
Actual:   18</Message>
          <StackTrace>   at ModbusLib.Tests.GenericReadWrite.ModbusDataConverterTests.ToBytes_IntArray_BigEndian_ReturnsCorrectBytes() in D:\Projects\ModbusLib\Tests\src\GenericReadWrite\ModbusDataConverterTests.cs:line 108&#xD;
   at System.RuntimeMethodHandle.InvokeMethod(Object target, Void** arguments, Signature sig, Boolean isConstructor)&#xD;
   at System.Reflection.MethodBaseInvoker.InvokeWithNoArgs(Object obj, BindingFlags invokeAttr)</StackTrace>
        </ErrorInfo>
      </Output>
    </UnitTestResult>
    <UnitTestResult executionId="68e74098-a596-4811-8b21-2adea0a1ef1f" testId="b620b1c6-bb65-35c5-cd96-59d65f55e59a" testName="ModbusLib.Tests.GenericReadWrite.GenericBoundaryTests.ModbusDataConverter_FromBytes_EmptyBytes_ThrowsException" computerName="XIAOXIN" duration="00:00:00.0002404" startTime="2025-09-06T10:50:14.2674086+08:00" endTime="2025-09-06T10:50:14.2674087+08:00" testType="13cdc9d9-ddb5-4fa4-a97d-d965ccfc6d4b" outcome="Passed" testListId="8c84fa94-04c1-424b-9868-57a2d4851a1d" relativeResultsDirectory="68e74098-a596-4811-8b21-2adea0a1ef1f" />
    <UnitTestResult executionId="ff3be777-f9c5-4ad3-9c8c-bdfee59c8560" testId="18398a06-33e8-2b21-e4ca-cebe64b64a9d" testName="ModbusLib.Tests.AdvancedFunctions.ModbusAdvancedTests.ReadWriteMultipleRegistersAsync_ValidRequest_ReturnsCorrectData" computerName="XIAOXIN" duration="00:00:00.0023053" startTime="2025-09-06T10:50:14.2942625+08:00" endTime="2025-09-06T10:50:14.2942627+08:00" testType="13cdc9d9-ddb5-4fa4-a97d-d965ccfc6d4b" outcome="Passed" testListId="8c84fa94-04c1-424b-9868-57a2d4851a1d" relativeResultsDirectory="ff3be777-f9c5-4ad3-9c8c-bdfee59c8560" />
    <UnitTestResult executionId="b537a357-83ae-4c09-ac02-17ae1de8b23b" testId="ad850256-3bde-7d3b-221c-64f79c39dad7" testName="ModbusLib.Tests.Factories.ModbusClientFactoryTests.CreateTcpClient_NullConfig_ThrowsArgumentNullException" computerName="XIAOXIN" duration="00:00:00.0005637" startTime="2025-09-06T10:50:14.2292094+08:00" endTime="2025-09-06T10:50:14.2292095+08:00" testType="13cdc9d9-ddb5-4fa4-a97d-d965ccfc6d4b" outcome="Passed" testListId="8c84fa94-04c1-424b-9868-57a2d4851a1d" relativeResultsDirectory="b537a357-83ae-4c09-ac02-17ae1de8b23b" />
    <UnitTestResult executionId="fc5e19c4-9a87-43d1-90d6-4381dc08f8bc" testId="209d6141-e3fa-a04f-2aed-f81406a6d556" testName="ModbusLib.Tests.AdvancedFunctions.ModbusAdvancedTests.ReadWriteMultipleRegistersAsync_NullWriteArray_ThrowsArgumentException" computerName="XIAOXIN" duration="00:00:00.0005870" startTime="2025-09-06T10:50:14.2949191+08:00" endTime="2025-09-06T10:50:14.2949193+08:00" testType="13cdc9d9-ddb5-4fa4-a97d-d965ccfc6d4b" outcome="Passed" testListId="8c84fa94-04c1-424b-9868-57a2d4851a1d" relativeResultsDirectory="fc5e19c4-9a87-43d1-90d6-4381dc08f8bc" />
    <UnitTestResult executionId="eab59aa6-4ed5-4201-bf6b-258534c14d9e" testId="a4f7811c-6a4c-ac0c-a233-1c2bbf02f9bc" testName="ModbusLib.Tests.Protocols.TcpProtocolTests.BuildRequest_ReadCoils_CorrectMbapHeader" computerName="XIAOXIN" duration="00:00:00.0008685" startTime="2025-09-06T10:50:14.2300597+08:00" endTime="2025-09-06T10:50:14.2300598+08:00" testType="13cdc9d9-ddb5-4fa4-a97d-d965ccfc6d4b" outcome="Passed" testListId="8c84fa94-04c1-424b-9868-57a2d4851a1d" relativeResultsDirectory="eab59aa6-4ed5-4201-bf6b-258534c14d9e" />
    <UnitTestResult executionId="fe498321-9034-4e68-9ebc-a5155d2830d9" testId="2e3551ea-a910-3701-c66d-5ff6cafc9873" testName="ModbusLib.Tests.Protocols.TcpProtocolTests.ParseResponse_TooShort_ThrowsException" computerName="XIAOXIN" duration="00:00:00.0002688" startTime="2025-09-06T10:50:14.2378020+08:00" endTime="2025-09-06T10:50:14.2378020+08:00" testType="13cdc9d9-ddb5-4fa4-a97d-d965ccfc6d4b" outcome="Passed" testListId="8c84fa94-04c1-424b-9868-57a2d4851a1d" relativeResultsDirectory="fe498321-9034-4e68-9ebc-a5155d2830d9" />
    <UnitTestResult executionId="5dc7c3f8-a1f8-4465-8ed7-defff9c7a87d" testId="e5a71cf3-631f-7129-3fae-ae583931783c" testName="ModbusLib.Tests.Protocols.TcpProtocolTests.CalculateExpectedResponseLength_VariousFunctions_CorrectLength(function: WriteSingleCoil, quantity: 1, expectedLength: 12)" computerName="XIAOXIN" duration="00:00:00.0000028" startTime="2025-09-06T10:50:14.2298216+08:00" endTime="2025-09-06T10:50:14.2298217+08:00" testType="13cdc9d9-ddb5-4fa4-a97d-d965ccfc6d4b" outcome="Passed" testListId="8c84fa94-04c1-424b-9868-57a2d4851a1d" relativeResultsDirectory="5dc7c3f8-a1f8-4465-8ed7-defff9c7a87d" />
    <UnitTestResult executionId="301d809c-7502-4521-9fb9-f0a7a0c20792" testId="6a9c52bf-959e-fdeb-ce08-f059dc176a75" testName="ModbusLib.Tests.Protocols.TcpProtocolTests.ValidateResponse_ValidResponse_ReturnsTrue" computerName="XIAOXIN" duration="00:00:00.0003144" startTime="2025-09-06T10:50:14.2357664+08:00" endTime="2025-09-06T10:50:14.2357665+08:00" testType="13cdc9d9-ddb5-4fa4-a97d-d965ccfc6d4b" outcome="Passed" testListId="8c84fa94-04c1-424b-9868-57a2d4851a1d" relativeResultsDirectory="301d809c-7502-4521-9fb9-f0a7a0c20792" />
    <UnitTestResult executionId="064835aa-8622-4795-b508-59be7d47332e" testId="fe0666a2-5c4e-6213-2303-52fe12e3dc56" testName="ModbusLib.Tests.Protocols.TcpProtocolTests.ParseResponse_InvalidProtocolId_ThrowsException" computerName="XIAOXIN" duration="00:00:00.0004070" startTime="2025-09-06T10:50:14.2351409+08:00" endTime="2025-09-06T10:50:14.2351410+08:00" testType="13cdc9d9-ddb5-4fa4-a97d-d965ccfc6d4b" outcome="Passed" testListId="8c84fa94-04c1-424b-9868-57a2d4851a1d" relativeResultsDirectory="064835aa-8622-4795-b508-59be7d47332e" />
    <UnitTestResult executionId="5886045a-3993-4577-a704-9fc60dea3ea8" testId="89a31d53-4c9f-77b4-d065-200a82c0ca28" testName="ModbusLib.Tests.Factories.ModbusClientFactoryTests.CreateRtuOverUdpClient_DefaultPort_Uses502" computerName="XIAOXIN" duration="00:00:00.0000819" startTime="2025-09-06T10:50:14.2602735+08:00" endTime="2025-09-06T10:50:14.2602735+08:00" testType="13cdc9d9-ddb5-4fa4-a97d-d965ccfc6d4b" outcome="Passed" testListId="8c84fa94-04c1-424b-9868-57a2d4851a1d" relativeResultsDirectory="5886045a-3993-4577-a704-9fc60dea3ea8" />
    <UnitTestResult executionId="bf1a3c3a-95df-4fd4-9d56-7300733b8094" testId="0e35e222-8ec4-9486-3277-970cbc28cfe2" testName="ModbusLib.Tests.Protocols.RtuProtocolTests.ParseResponse_InvalidCrc_ThrowsException" computerName="XIAOXIN" duration="00:00:00.0002797" startTime="2025-09-06T10:50:14.2574854+08:00" endTime="2025-09-06T10:50:14.2574855+08:00" testType="13cdc9d9-ddb5-4fa4-a97d-d965ccfc6d4b" outcome="Passed" testListId="8c84fa94-04c1-424b-9868-57a2d4851a1d" relativeResultsDirectory="bf1a3c3a-95df-4fd4-9d56-7300733b8094" />
    <UnitTestResult executionId="252ee5da-458a-47fb-a65e-ccf7ebf7ed33" testId="133d7c94-d7e0-b06a-90f4-13ccd45b11a3" testName="ModbusLib.Tests.AdvancedFunctions.ModbusAdvancedTests.ReadWriteMultipleRegistersAsync_InvalidReadQuantity_ThrowsArgumentException(invalidReadQuantity: 0)" computerName="XIAOXIN" duration="00:00:00.0004929" startTime="2025-09-06T10:50:14.2976941+08:00" endTime="2025-09-06T10:50:14.2976942+08:00" testType="13cdc9d9-ddb5-4fa4-a97d-d965ccfc6d4b" outcome="Passed" testListId="8c84fa94-04c1-424b-9868-57a2d4851a1d" relativeResultsDirectory="252ee5da-458a-47fb-a65e-ccf7ebf7ed33" />
    <UnitTestResult executionId="6d559ddf-2897-4ac8-9091-e6e20dd10400" testId="0fce7aac-8681-2e72-91dd-26b943894d6f" testName="ModbusLib.Tests.Protocols.TcpProtocolTests.BuildRequest_UnsupportedFunction_ThrowsNotSupportedException" computerName="XIAOXIN" duration="00:00:00.0009145" startTime="2025-09-06T10:50:14.2541242+08:00" endTime="2025-09-06T10:50:14.2541242+08:00" testType="13cdc9d9-ddb5-4fa4-a97d-d965ccfc6d4b" outcome="Passed" testListId="8c84fa94-04c1-424b-9868-57a2d4851a1d" relativeResultsDirectory="6d559ddf-2897-4ac8-9091-e6e20dd10400" />
    <UnitTestResult executionId="56ebc50e-d732-497b-b677-29b41336c920" testId="8d201825-38aa-2f79-311d-aac08c678c23" testName="ModbusLib.Tests.GenericReadWrite.GenericReadWriteIntegrationTests.ReadWriteHoldingRegisters_FloatArray_Success(endianness: LittleEndian)" computerName="XIAOXIN" duration="00:00:00.0008314" startTime="2025-09-06T10:50:14.2331748+08:00" endTime="2025-09-06T10:50:14.2331749+08:00" testType="13cdc9d9-ddb5-4fa4-a97d-d965ccfc6d4b" outcome="Passed" testListId="8c84fa94-04c1-424b-9868-57a2d4851a1d" relativeResultsDirectory="56ebc50e-d732-497b-b677-29b41336c920" />
    <UnitTestResult executionId="a75520c0-b94e-40f5-b640-4cf0503649ab" testId="846799f1-e436-5163-1962-ee1fa5b1eef2" testName="ModbusLib.Tests.GenericReadWrite.GenericCompatibilityTests.GenericReadWrite_SpecialDoubleValues_Success" computerName="XIAOXIN" duration="00:00:00.0035089" startTime="2025-09-06T10:50:14.2775415+08:00" endTime="2025-09-06T10:50:14.2775416+08:00" testType="13cdc9d9-ddb5-4fa4-a97d-d965ccfc6d4b" outcome="Passed" testListId="8c84fa94-04c1-424b-9868-57a2d4851a1d" relativeResultsDirectory="a75520c0-b94e-40f5-b640-4cf0503649ab" />
    <UnitTestResult executionId="7d208fbc-ca77-4ca3-9acc-01ff7050bec2" testId="a588bc82-3e28-ef56-b83d-b89a6237fd05" testName="ModbusLib.Tests.GenericReadWrite.ModbusSpanExtensionsTests.SetLittleEndian_Byte_SetsCorrectValue" computerName="XIAOXIN" duration="00:00:00.0019367" startTime="2025-09-06T10:50:14.2601460+08:00" endTime="2025-09-06T10:50:14.2601460+08:00" testType="13cdc9d9-ddb5-4fa4-a97d-d965ccfc6d4b" outcome="Passed" testListId="8c84fa94-04c1-424b-9868-57a2d4851a1d" relativeResultsDirectory="7d208fbc-ca77-4ca3-9acc-01ff7050bec2" />
    <UnitTestResult executionId="df0976d9-bdbe-42a8-a5db-acd151f5eb1b" testId="ccbc7a03-8775-24de-b27b-b995c458fb6c" testName="ModbusLib.Tests.Protocols.TcpProtocolTests.ParseResponse_EmptyDataResponse_HandlesCorrectly" computerName="XIAOXIN" duration="00:00:00.0002858" startTime="2025-09-06T10:50:14.2325696+08:00" endTime="2025-09-06T10:50:14.2325696+08:00" testType="13cdc9d9-ddb5-4fa4-a97d-d965ccfc6d4b" outcome="Passed" testListId="8c84fa94-04c1-424b-9868-57a2d4851a1d" relativeResultsDirectory="df0976d9-bdbe-42a8-a5db-acd151f5eb1b" />
[...]
    <TestEntry testId="aa3fc26a-f2f3-420c-1519-8628a1981013" executionId="bcc7ac3e-74df-4ec1-b43e-f13f1b13319a" testListId="8c84fa94-04c1-424b-9868-57a2d4851a1d" />
    <TestEntry testId="3156a273-6caa-7e6b-43d5-4f73feb17192" executionId="17e4aa05-c18a-4b7e-a7b2-ac36453c77a2" testListId="8c84fa94-04c1-424b-9868-57a2d4851a1d" />
    <TestEntry testId="fd9c70cb-0e7b-967e-1c79-81bd5ff2c183" executionId="d047148d-fdcc-40b5-a738-388e97c93b1e" testListId="8c84fa94-04c1-424b-9868-57a2d4851a1d" />
    <TestEntry testId="8bc238e3-5c06-b48d-7dae-8b68de252013" executionId="394cf118-2eb2-4491-8e6e-d2e57bce9b50" testListId="8c84fa94-04c1-424b-9868-57a2d4851a1d" />
    <TestEntry testId="b6430163-7d92-10ff-0ae3-1fb83accc6db" executionId="c073e13b-bc49-4c70-8be1-c6cf93d32d01" testListId="8c84fa94-04c1-424b-9868-57a2d4851a1d" />
    <TestEntry testId="9e9689cc-34ba-37a8-6b2e-21fb400dc28f" executionId="4e5def42-9016-4e86-846e-bb2627975eb8" testListId="8c84fa94-04c1-424b-9868-57a2d4851a1d" />
    <TestEntry testId="55df3538-9c80-287e-f09c-4445baeb3203" executionId="fc1bbb99-c82f-40ac-9be9-3be3743cb036" testListId="8c84fa94-04c1-424b-9868-57a2d4851a1d" />
    <TestEntry testId="651b206a-ee4e-c462-0c23-35e418a25369" executionId="c35c9985-c776-4125-a203-02e8874dbaec" testListId="8c84fa94-04c1-424b-9868-57a2d4851a1d" />
    <TestEntry testId="b2cf016a-3428-0bad-2d42-8c41c4c2a113" executionId="25ebe597-632f-45bd-8c51-fdabcc7c1910" testListId="8c84fa94-04c1-424b-9868-57a2d4851a1d" />
    <TestEntry testId="830d6192-a677-f6e8-a5d4-a079842c173c" executionId="9f4c9fff-2fcd-4a07-ba39-ed6311c207a6" testListId="8c84fa94-04c1-424b-9868-57a2d4851a1d" />
    <TestEntry testId="55af9da8-d813-fb3d-3a35-eea6bafa3235" executionId="55ccf296-f127-47c2-bb86-28e206b51848" testListId="8c84fa94-04c1-424b-9868-57a2d4851a1d" />
    <TestEntry testId="be6195bc-b4d3-0a5e-ace7-d5deca770d84" executionId="b041ae1f-aa0b-4d9b-bdc1-ab1556e2b346" testListId="8c84fa94-04c1-424b-9868-57a2d4851a1d" />
    <TestEntry testId="2a8a5741-14db-a9c3-03ef-a03eae28637b" executionId="2e359b11-bec7-466a-bc76-0003b7c74cd5" testListId="8c84fa94-04c1-424b-9868-57a2d4851a1d" />
    <TestEntry testId="bf7d4585-2c52-56a8-0161-c02d78a936b7" executionId="cee94ba2-69bf-495e-bc02-3dd20ea490bf" testListId="8c84fa94-04c1-424b-9868-57a2d4851a1d" />
    <TestEntry testId="8ca15d71-a3a7-982c-c385-57d6e8597813" executionId="3c3b1df9-2b44-4f2d-83b0-943d563fb45d" testListId="8c84fa94-04c1-424b-9868-57a2d4851a1d" />
    <TestEntry testId="3a542a63-d1f2-f134-d012-51ca63b7f607" executionId="529d5ec7-cb87-4bb4-8468-cc9a4b59b88f" testListId="8c84fa94-04c1-424b-9868-57a2d4851a1d" />
    <TestEntry testId="179279d4-51cc-7ace-a3f4-992bfbdd080c" executionId="602c1c8f-849b-4864-be8c-438dc3b62858" testListId="8c84fa94-04c1-424b-9868-57a2d4851a1d" />
    <TestEntry testId="aeb58d62-9226-3158-64a2-be022f79aee4" executionId="0133a7b5-3ccf-48cc-aa5c-3b56f730ea67" testListId="8c84fa94-04c1-424b-9868-57a2d4851a1d" />
    <TestEntry testId="7d89d9d6-469c-5e60-758a-2ead9041a07e" executionId="66fc5310-0097-4129-86f8-ba62af3f7a47" testListId="8c84fa94-04c1-424b-9868-57a2d4851a1d" />
  </TestEntries>
  <TestLists>
    <TestList name="列表中未列出的结果" id="8c84fa94-04c1-424b-9868-57a2d4851a1d" />
    <TestList name="所有已加载的结果" id="19431567-8539-422a-85d7-44ee4e166bda" />
  </TestLists>
  <ResultSummary outcome="Failed">
    <Counters total="305" executed="305" passed="292" failed="13" error="0" timeout="0" aborted="0" inconclusive="0" passedButRunAborted="0" notRunnable="0" notExecuted="0" disconnected="0" warning="0" completed="0" inProgress="0" pending="0" />
    <Output>
      <StdOut>[xUnit.net 00:00:00.00] xUnit.net VSTest Adapter v2.8.2+699d445a1a (64-bit .NET 9.0.8)&#xD;
[xUnit.net 00:00:00.18]   Discovering: ModbusLib.Tests&#xD;
[xUnit.net 00:00:00.31]   Discovered:  ModbusLib.Tests&#xD;
[xUnit.net 00:00:00.32]   Starting:    ModbusLib.Tests&#xD;
[xUnit.net 00:00:00.46]       Assert.Equal() Failure: Values differ&#xD;
[xUnit.net 00:00:00.46]       Expected: 4660&#xD;
[xUnit.net 00:00:00.46]       Actual:   13330&#xD;
[xUnit.net 00:00:00.46]       Stack Trace:&#xD;
[xUnit.net 00:00:00.46]         D:\Projects\ModbusLib\Tests\src\GenericReadWrite\ModbusSpanExtensionsTests.cs(35,0): at ModbusLib.Tests.GenericReadWrite.ModbusSpanExtensionsTests.GetBigEndian_UShort_ReturnsCorrectValue()&#xD;
[xUnit.net 00:00:00.46]            at System.RuntimeMethodHandle.InvokeMethod(Object target, Void** arguments, Signature sig, Boolean isConstructor)&#xD;
[xUnit.net 00:00:00.46]            at System.Reflection.MethodBaseInvoker.InvokeWithNoArgs(Object obj, BindingFlags invokeAttr)&#xD;
[xUnit.net 00:00:00.46]       Assert.Throws() Failure: Exception type was not an exact match&#xD;
[xUnit.net 00:00:00.46]       Expected: typeof(System.ArgumentNullException)&#xD;
[xUnit.net 00:00:00.46]       Actual:   typeof(System.NullReferenceException)&#xD;
[xUnit.net 00:00:00.46]       ---- System.NullReferenceException : Object reference not set to an instance of an object.&#xD;
[xUnit.net 00:00:00.46]       Stack Trace:&#xD;
[xUnit.net 00:00:00.46]         D:\Projects\ModbusLib\Tests\src\GenericReadWrite\GenericBoundaryTests.cs(56,0): at ModbusLib.Tests.GenericReadWrite.GenericBoundaryTests.ModbusDataConverter_FromBytes_NullBytes_ThrowsException()&#xD;
[xUnit.net 00:00:00.46]            at System.RuntimeMethodHandle.InvokeMethod(Object target, Void** arguments, Signature sig, Boolean isConstructor)&#xD;
[xUnit.net 00:00:00.46]            at System.Reflection.MethodBaseInvoker.InvokeWithNoArgs(Object obj, BindingFlags invokeAttr)&#xD;
[xUnit.net 00:00:00.46]         ----- Inner Stack Trace -----&#xD;
[xUnit.net 00:00:00.46]         D:\Projects\ModbusLib\ModbusLib\src\Models\ModbusDataConverter.cs(76,0): at ModbusLib.Models.ModbusDataConverter.FromBytes[T](Byte[] bytes, Int32 count, ModbusEndianness endianness)&#xD;
[xUnit.net 00:00:00.46]         D:\Projects\ModbusLib\Tests\src\GenericReadWrite\GenericBoundaryTests.cs(57,0): at ModbusLib.Tests.GenericReadWrite.GenericBoundaryTests.&lt;&gt;c.&lt;ModbusDataConverter_FromBytes_NullBytes_ThrowsException&gt;b__5_0()&#xD;
[xUnit.net 00:00:00.46]       Assert.Equal() Failure: Values differ&#xD;
[xUnit.net 00:00:00.46]       Expected: 120&#xD;
[xUnit.net 00:00:00.46]       Actual:   18&#xD;
[xUnit.net 00:00:00.46]       Stack Trace:&#xD;
[xUnit.net 00:00:00.46]         D:\Projects\ModbusLib\Tests\src\GenericReadWrite\ModbusDataConverterTests.cs(108,0): at ModbusLib.Tests.GenericReadWrite.ModbusDataConverterTests.ToBytes_IntArray_BigEndian_ReturnsCorrectBytes()&#xD;
[xUnit.net 00:00:00.46]            at System.RuntimeMethodHandle.InvokeMethod(Object target, Void** arguments, Signature sig, Boolean isConstructor)&#xD;
[xUnit.net 00:00:00.46]            at System.Reflection.MethodBaseInvoker.InvokeWithNoArgs(Object obj, BindingFlags invokeAttr)&#xD;
[xUnit.net 00:00:00.47]       Assert.Throws() Failure: Exception type was not an exact match&#xD;
[xUnit.net 00:00:00.47]       Expected: typeof(System.ArgumentNullException)&#xD;
[xUnit.net 00:00:00.47]       Actual:   typeof(System.NullReferenceException)&#xD;
[xUnit.net 00:00:00.47]       ---- System.NullReferenceException : Object reference not set to an instance of an object.&#xD;
[xUnit.net 00:00:00.47]       Stack Trace:&#xD;
[xUnit.net 00:00:00.47]         D:\Projects\ModbusLib\Tests\src\GenericReadWrite\GenericBoundaryTests.cs(37,0): at ModbusLib.Tests.GenericReadWrite.GenericBoundaryTests.ModbusDataConverter_NullArray_ThrowsException()&#xD;
[xUnit.net 00:00:00.47]            at System.RuntimeMethodHandle.InvokeMethod(Object target, Void** arguments, Signature sig, Boolean isConstructor)&#xD;
[xUnit.net 00:00:00.47]            at System.Reflection.MethodBaseInvoker.InvokeWithNoArgs(Object obj, BindingFlags invokeAttr)&#xD;
[xUnit.net 00:00:00.47]         ----- Inner Stack Trace -----&#xD;
[xUnit.net 00:00:00.47]         D:\Projects\ModbusLib\ModbusLib\src\Models\ModbusDataConverter.cs(44,0): at ModbusLib.Models.ModbusDataConverter.ToBytes[T](T[] values, ModbusEndianness endianness)&#xD;
[xUnit.net 00:00:00.47]         D:\Projects\ModbusLib\Tests\src\GenericReadWrite\GenericBoundaryTests.cs(38,0): at ModbusLib.Tests.GenericReadWrite.GenericBoundaryTests.&lt;&gt;c.&lt;ModbusDataConverter_NullArray_ThrowsException&gt;b__3_0()&#xD;
[xUnit.net 00:00:00.47]       Assert.Equal() Failure: Values differ&#xD;
[xUnit.net 00:00:00.47]       Expected: 30806&#xD;
[xUnit.net 00:00:00.47]       Actual:   22136&#xD;
[xUnit.net 00:00:00.47]       Stack Trace:&#xD;
[xUnit.net 00:00:00.47]         D:\Projects\ModbusLib\Tests\src\GenericReadWrite\ModbusSpanExtensionsTests.cs(174,0): at ModbusLib.Tests.GenericReadWrite.ModbusSpanExtensionsTests.SetLittleEndian_Int_SetsCorrectValue()&#xD;
[xUnit.net 00:00:00.47]            at System.RuntimeMethodHandle.InvokeMethod(Object target, Void** arguments, Signature sig, Boolean isConstructor)&#xD;
[xUnit.net 00:00:00.47]            at System.Reflection.MethodBaseInvoker.InvokeWithNoArgs(Object obj, BindingFlags invokeAttr)&#xD;
[xUnit.net 00:00:00.47]       Assert.Equal() Failure: Values differ&#xD;
[xUnit.net 00:00:00.47]       Expected: 2018915346&#xD;
[xUnit.net 00:00:00.47]       Actual:   1450709556&#xD;
[xUnit.net 00:00:00.47]       Stack Trace:&#xD;
[xUnit.net 00:00:00.47]         D:\Projects\ModbusLib\Tests\src\GenericReadWrite\ModbusSpanExtensionsTests.cs(89,0): at ModbusLib.Tests.GenericReadWrite.ModbusSpanExtensionsTests.GetLittleEndian_Int_ReturnsCorrectValue()&#xD;
[xUnit.net 00:00:00.47]            at System.RuntimeMethodHandle.InvokeMethod(Object target, Void** arguments, Signature sig, Boolean isConstructor)&#xD;
[xUnit.net 00:00:00.47]            at System.Reflection.MethodBaseInvoker.InvokeWithNoArgs(Object obj, BindingFlags invokeAttr)&#xD;
[xUnit.net 00:00:00.47]       Assert.Throws() Failure: Exception type was not an exact match&#xD;
[xUnit.net 00:00:00.47]       Expected: typeof(System.ArgumentException)&#xD;
[xUnit.net 00:00:00.47]       Actual:   typeof(System.ArgumentOutOfRangeException)&#xD;
[xUnit.net 00:00:00.47]       ---- System.ArgumentOutOfRangeException : minimumLength ('-4') must be a non-negative value. (Parameter 'minimumLength')&#xD;
[xUnit.net 00:00:00.47]       Actual value was -4.&#xD;
[xUnit.net 00:00:00.47]       Stack Trace:&#xD;
[xUnit.net 00:00:00.47]         D:\Projects\ModbusLib\Tests\src\GenericReadWrite\GenericBoundaryTests.cs(80,0): at ModbusLib.Tests.GenericReadWrite.GenericBoundaryTests.ModbusDataConverter_FromBytes_NegativeCount_ThrowsException()&#xD;
[xUnit.net 00:00:00.47]            at System.RuntimeMethodHandle.InvokeMethod(Object target, Void** arguments, Signature sig, Boolean isConstructor)&#xD;
[xUnit.net 00:00:00.47]            at System.Reflection.MethodBaseInvoker.InvokeWithNoArgs(Object obj, BindingFlags invokeAttr)&#xD;
[xUnit.net 00:00:00.47]         ----- Inner Stack Trace -----&#xD;
[xUnit.net 00:00:00.47]            at System.ArgumentOutOfRangeException.ThrowNegative[T](T value, String paramName)&#xD;
[xUnit.net 00:00:00.47]            at System.ArgumentOutOfRangeException.ThrowIfNegative[T](T value, String paramName)&#xD;
[xUnit.net 00:00:00.47]            at System.Buffers.SharedArrayPool`1.Rent(Int32 minimumLength)&#xD;
[xUnit.net 00:00:00.47]         D:\Projects\ModbusLib\ModbusLib\src\Models\ModbusDataConverter.cs(79,0): at ModbusLib.Models.ModbusDataConverter.FromBytes[T](Byte[] bytes, Int32 count, ModbusEndianness endianness)&#xD;
[xUnit.net 00:00:00.47]         D:\Projects\ModbusLib\Tests\src\GenericReadWrite\GenericBoundaryTests.cs(81,0): at ModbusLib.Tests.GenericReadWrite.GenericBoundaryTests.&lt;&gt;c__DisplayClass7_0.&lt;ModbusDataConverter_FromBytes_NegativeCount_ThrowsException&gt;b__0()&#xD;
[xUnit.net 00:00:00.47]       Assert.Equal() Failure: Values differ&#xD;
[xUnit.net 00:00:00.47]       Expected: 13330&#xD;
[xUnit.net 00:00:00.47]       Actual:   4660&#xD;
[xUnit.net 00:00:00.47]       Stack Trace:&#xD;
[xUnit.net 00:00:00.47]         D:\Projects\ModbusLib\Tests\src\GenericReadWrite\ModbusSpanExtensionsTests.cs(160,0): at ModbusLib.Tests.GenericReadWrite.ModbusSpanExtensionsTests.SetLittleEndian_UShort_SetsCorrectValue()&#xD;
[xUnit.net 00:00:00.47]            at System.RuntimeMethodHandle.InvokeMethod(Object target, Void** arguments, Signature sig, Boolean isConstructor)&#xD;
[xUnit.net 00:00:00.47]            at System.Reflection.MethodBaseInvoker.InvokeWithNoArgs(Object obj, BindingFlags invokeAttr)&#xD;
[xUnit.net 00:00:00.47]       Assert.Equal() Failure: Values differ&#xD;
[xUnit.net 00:00:00.47]       Expected: 305419896&#xD;
[xUnit.net 00:00:00.47]       Actual:   2018915346&#xD;
[xUnit.net 00:00:00.47]       Stack Trace:&#xD;
[xUnit.net 00:00:00.47]         D:\Projects\ModbusLib\Tests\src\GenericReadWrite\ModbusSpanExtensionsTests.cs(49,0): at ModbusLib.Tests.GenericReadWrite.ModbusSpanExtensionsTests.GetBigEndian_Int_ReturnsCorrectValue()&#xD;
[xUnit.net 00:00:00.47]            at System.RuntimeMethodHandle.InvokeMethod(Object target, Void** arguments, Signature sig, Boolean isConstructor)&#xD;
[xUnit.net 00:00:00.47]            at System.Reflection.MethodBaseInvoker.InvokeWithNoArgs(Object obj, BindingFlags invokeAttr)&#xD;
[xUnit.net 00:00:00.48]       Assert.Equal() Failure: Values differ&#xD;
[xUnit.net 00:00:00.48]       Expected: 0&#xD;
[xUnit.net 00:00:00.48]       Actual:   -1&#xD;
[xUnit.net 00:00:00.48]       Stack Trace:&#xD;
[xUnit.net 00:00:00.48]         D:\Projects\ModbusLib\Tests\src\GenericReadWrite\GenericBoundaryTests.cs(124,0): at ModbusLib.Tests.GenericReadWrite.GenericBoundaryTests.GetTotalRegisterCount_NegativeCount_ReturnsZero()&#xD;
[xUnit.net 00:00:00.48]            at System.RuntimeMethodHandle.InvokeMethod(Object target, Void** arguments, Signature sig, Boolean isConstructor)&#xD;
[xUnit.net 00:00:00.48]            at System.Reflection.MethodBaseInvoker.InvokeWithNoArgs(Object obj, BindingFlags invokeAttr)&#xD;
[xUnit.net 00:00:00.48]       Assert.Equal() Failure: Values differ&#xD;
[xUnit.net 00:00:00.48]       Expected: 4660&#xD;
[xUnit.net 00:00:00.48]       Actual:   30806&#xD;
[xUnit.net 00:00:00.48]       Stack Trace:&#xD;
[xUnit.net 00:00:00.48]         D:\Projects\ModbusLib\Tests\src\GenericReadWrite\ModbusSpanExtensionsTests.cs(131,0): at ModbusLib.Tests.GenericReadWrite.ModbusSpanExtensionsTests.SetBigEndian_Int_SetsCorrectValue()&#xD;
[xUnit.net 00:00:00.48]            at System.RuntimeMethodHandle.InvokeMethod(Object target, Void** arguments, Signature sig, Boolean isConstructor)&#xD;
[xUnit.net 00:00:00.48]            at System.Reflection.MethodBaseInvoker.InvokeWithNoArgs(Object obj, BindingFlags invokeAttr)&#xD;
[xUnit.net 00:00:00.48]       Assert.Equal() Failure: Values differ&#xD;
[xUnit.net 00:00:00.48]       Expected: 13330&#xD;
[xUnit.net 00:00:00.48]       Actual:   4660&#xD;
[xUnit.net 00:00:00.48]       Stack Trace:&#xD;
[xUnit.net 00:00:00.48]         D:\Projects\ModbusLib\Tests\src\GenericReadWrite\ModbusSpanExtensionsTests.cs(75,0): at ModbusLib.Tests.GenericReadWrite.ModbusSpanExtensionsTests.GetLittleEndian_UShort_ReturnsCorrectValue()&#xD;
[xUnit.net 00:00:00.48]            at System.RuntimeMethodHandle.InvokeMethod(Object target, Void** arguments, Signature sig, Boolean isConstructor)&#xD;
[xUnit.net 00:00:00.48]            at System.Reflection.MethodBaseInvoker.InvokeWithNoArgs(Object obj, BindingFlags invokeAttr)&#xD;
[xUnit.net 00:00:00.48]       Assert.Equal() Failure: Values differ&#xD;
[xUnit.net 00:00:00.48]       Expected: 4660&#xD;
[xUnit.net 00:00:00.48]       Actual:   13330&#xD;
[xUnit.net 00:00:00.48]       Stack Trace:&#xD;
[xUnit.net 00:00:00.48]         D:\Projects\ModbusLib\Tests\src\GenericReadWrite\ModbusSpanExtensionsTests.cs(117,0): at ModbusLib.Tests.GenericReadWrite.ModbusSpanExtensionsTests.SetBigEndian_UShort_SetsCorrectValue()&#xD;
[xUnit.net 00:00:00.48]            at System.RuntimeMethodHandle.InvokeMethod(Object target, Void** arguments, Signature sig, Boolean isConstructor)&#xD;
[xUnit.net 00:00:00.48]            at System.Reflection.MethodBaseInvoker.InvokeWithNoArgs(Object obj, BindingFlags invokeAttr)&#xD;
[xUnit.net 00:00:01.13]   Finished:    ModbusLib.Tests&#xD;
</StdOut>
    </Output>
    <RunInfos>
      <RunInfo computerName="XIAOXIN" outcome="Error" timestamp="2025-09-06T10:50:14.2682042+08:00">
        <Text>[xUnit.net 00:00:00.46]     ModbusLib.Tests.GenericReadWrite.ModbusSpanExtensionsTests.GetBigEndian_UShort_ReturnsCorrectValue [FAIL]</Text>
      </RunInfo>
      <RunInfo computerName="XIAOXIN" outcome="Error" timestamp="2025-09-06T10:50:14.2685448+08:00">
        <Text>[xUnit.net 00:00:00.46]     ModbusLib.Tests.GenericReadWrite.GenericBoundaryTests.ModbusDataConverter_FromBytes_NullBytes_ThrowsException [FAIL]</Text>
      </RunInfo>
      <RunInfo computerName="XIAOXIN" outcome="Error" timestamp="2025-09-06T10:50:14.2914236+08:00">
        <Text>[xUnit.net 00:00:00.46]     ModbusLib.Tests.GenericReadWrite.ModbusDataConverterTests.ToBytes_IntArray_BigEndian_ReturnsCorrectBytes [FAIL]</Text>
      </RunInfo>
      <RunInfo computerName="XIAOXIN" outcome="Error" timestamp="2025-09-06T10:50:14.2934722+08:00">
        <Text>[xUnit.net 00:00:00.47]     ModbusLib.Tests.GenericReadWrite.GenericBoundaryTests.ModbusDataConverter_NullArray_ThrowsException [FAIL]</Text>
      </RunInfo>
      <RunInfo computerName="XIAOXIN" outcome="Error" timestamp="2025-09-06T10:50:14.2944535+08:00">
        <Text>[xUnit.net 00:00:00.47]     ModbusLib.Tests.GenericReadWrite.ModbusSpanExtensionsTests.SetLittleEndian_Int_SetsCorrectValue [FAIL]</Text>
      </RunInfo>
      <RunInfo computerName="XIAOXIN" outcome="Error" timestamp="2025-09-06T10:50:14.2957697+08:00">
        <Text>[xUnit.net 00:00:00.47]     ModbusLib.Tests.GenericReadWrite.ModbusSpanExtensionsTests.GetLittleEndian_Int_ReturnsCorrectValue [FAIL]</Text>
      </RunInfo>
      <RunInfo computerName="XIAOXIN" outcome="Error" timestamp="2025-09-06T10:50:14.2962165+08:00">
        <Text>[xUnit.net 00:00:00.47]     ModbusLib.Tests.GenericReadWrite.GenericBoundaryTests.ModbusDataConverter_FromBytes_NegativeCount_ThrowsException [FAIL]</Text>
      </RunInfo>
      <RunInfo computerName="XIAOXIN" outcome="Error" timestamp="2025-09-06T10:50:14.2967504+08:00">
        <Text>[xUnit.net 00:00:00.47]     ModbusLib.Tests.GenericReadWrite.ModbusSpanExtensionsTests.SetLittleEndian_UShort_SetsCorrectValue [FAIL]</Text>
      </RunInfo>
      <RunInfo computerName="XIAOXIN" outcome="Error" timestamp="2025-09-06T10:50:14.2974754+08:00">
        <Text>[xUnit.net 00:00:00.47]     ModbusLib.Tests.GenericReadWrite.ModbusSpanExtensionsTests.GetBigEndian_Int_ReturnsCorrectValue [FAIL]</Text>
      </RunInfo>
      <RunInfo computerName="XIAOXIN" outcome="Error" timestamp="2025-09-06T10:50:14.2980286+08:00">
        <Text>[xUnit.net 00:00:00.48]     ModbusLib.Tests.GenericReadWrite.GenericBoundaryTests.GetTotalRegisterCount_NegativeCount_ReturnsZero [FAIL]</Text>
      </RunInfo>
      <RunInfo computerName="XIAOXIN" outcome="Error" timestamp="2025-09-06T10:50:14.2985798+08:00">
        <Text>[xUnit.net 00:00:00.48]     ModbusLib.Tests.GenericReadWrite.ModbusSpanExtensionsTests.SetBigEndian_Int_SetsCorrectValue [FAIL]</Text>
      </RunInfo>
      <RunInfo computerName="XIAOXIN" outcome="Error" timestamp="2025-09-06T10:50:14.2988529+08:00">
        <Text>[xUnit.net 00:00:00.48]     ModbusLib.Tests.GenericReadWrite.ModbusSpanExtensionsTests.GetLittleEndian_UShort_ReturnsCorrectValue [FAIL]</Text>
      </RunInfo>
      <RunInfo computerName="XIAOXIN" outcome="Error" timestamp="2025-09-06T10:50:14.2990700+08:00">
        <Text>[xUnit.net 00:00:00.48]     ModbusLib.Tests.GenericReadWrite.ModbusSpanExtensionsTests.SetBigEndian_UShort_SetsCorrectValue [FAIL]</Text>
      </RunInfo>
    </RunInfos>
  </ResultSummary>
</TestRun>